This is LuaTeX, Version 1.0.4 (TeX Live 2017/Arch Linux)  (format=lualatex 2018.1.16)  2 OCT 2019 18:21
 restricted system commands enabled.
**LIVRO.tex
(./LIVRO.tex
LaTeX2e <2017-04-15>
Lua module: luaotfload-main 2017/01/29 2.80001 OpenType layout system.
Lua module: lualibs 2017-02-01 2.5 ConTeXt Lua standard libraries.
Lua module: lualibs-extended 2017-02-01 2.5 ConTeXt Lua libraries -- extended co
llection.(using write cache: /home/editorial/.texlive/texmf-var/luatex-cache/gen
eric)(using read cache: /var/lib/texmf/luatex-cache/generic /home/editorial/.tex
live/texmf-var/luatex-cache/generic)
luaotfload | conf : Root cache directory is /home/editorial/.texlive/texmf-var/l
uatex-cache/generic/names.
luaotfload | init : Loading fontloader “fontloader-2017-02-11.lua” from kpse
-resolved path “/usr/share/texmf-dist/tex/luatex/luaotfload/fontloader-2017-02
-11.lua”.
Lua-only attribute luaotfload@state = 1
Lua-only attribute luaotfload@noligature = 2
Lua-only attribute luaotfload@syllabe = 3
luaotfload | init : Context OpenType loader version “3.027”
Inserting `luaotfload.node_processor' at position 1 in `pre_linebreak_filter'.
Inserting `luaotfload.node_processor' at position 1 in `hpack_filter'.
Inserting `luaotfload.define_font' at position 1 in `define_font'.
Lua-only attribute luaotfload_color_attribute = 4
luaotfload | conf : Root cache directory is /home/editorial/.texlive/texmf-var/l
uatex-cache/generic/names.
Inserting `luaotfload.aux.set_sscale_dimens' at position 1 in `luaotfload.patch_
font'.
Inserting `luaotfload.aux.patch_cambria_domh' at position 2 in `luaotfload.patch
_font'.
Inserting `luaotfload.aux.fixup_fontdata' at position 1 in `luaotfload.patch_fon
t_unsafe'.
Inserting `luaotfload.aux.set_capheight' at position 3 in `luaotfload.patch_font
'.
Inserting `luaotfload.rewrite_fontname' at position 4 in `luaotfload.patch_font'
.
luaotfload | main : initialization completed in 0.220 seconds
Babel <3.15> and hyphenation patterns for 1 language(s) loaded.
(/usr/share/texmf-dist/tex/latex/memoir/memoir.cls
Document Class: memoir 2016/05/16 v3.7f configurable book, report, article docum
ent class
\onelineskip=\skip41
\lxvchars=\skip42
\xlvchars=\skip43
\@memcnta=\count79
\c@@memmarkcntra=\count80
(/usr/share/texmf-dist/tex/generic/luatex85/luatex85.sty
Package: luatex85 2016/06/15 v1.4 pdftex aliases for luatex
)
(/usr/share/texmf-dist/tex/generic/oberdiek/ifpdf.sty
Package: ifpdf 2017/03/15 v3.2 Provides the ifpdf switch
)
(/usr/share/texmf-dist/tex/latex/ifetex/ifetex.sty
Package: ifetex 2011/12/15 v1.2 ifetex

(/usr/share/texmf-dist/tex/plain/ifetex/ifetex.tex))
(/usr/share/texmf-dist/tex/generic/ifxetex/ifxetex.sty
Package: ifxetex 2010/09/12 v0.6 Provides ifxetex conditional
)
(/usr/share/texmf-dist/tex/generic/oberdiek/ifluatex.sty
Package: ifluatex 2016/05/16 v1.4 Provides the ifluatex switch (HO)
Package ifluatex Info: LuaTeX detected.
)
\stockheight=\skip44
\stockwidth=\skip45
\trimtop=\skip46
\trimedge=\skip47

(/usr/share/texmf-dist/tex/latex/memoir/mem12.clo
File: mem12.clo 2010/10/19 v0.4b memoir class 12pt size option
luaotfload | db : Font names database loaded from /home/editorial/.texlive/texmf
-var/luatex-cache/generic/names/luaotfload-names.luc(load luc: /home/editorial/.
texlive/texmf-var/luatex-cache/generic/fonts/otl/lmroman12-regular.luc))
\binding=\skip48
\spinemargin=\skip49
\foremargin=\skip50
\uppermargin=\skip51
\lowermargin=\skip52
\headdrop=\skip53
\normalrulethickness=\skip54
\mem@maxheadheight=\skip55
\mem@maxfootheight=\skip56
\headwidth=\skip57
\c@storedpagenumber=\count81
\memPD=\dimen102
\m@mabparskip=\skip58
\thanksmarkwidth=\skip59
\thanksmarksep=\skip60
\droptitle=\skip61
\c@book=\count82
\c@part=\count83
\c@chapter=\count84
\c@section=\count85
\c@subsection=\count86
\c@subsubsection=\count87
\c@paragraph=\count88
\c@subparagraph=\count89
\beforechapskip=\skip62
\midchapskip=\skip63
\afterchapskip=\skip64
\chapindent=\skip65
\bottomsectionskip=\skip66
\secindent=\skip67
\beforesecskip=\skip68
\aftersecskip=\skip69
\subsecindent=\skip70
\beforesubsecskip=\skip71
\aftersubsecskip=\skip72
\subsubsecindent=\skip73
\beforesubsubsecskip=\skip74
\aftersubsubsecskip=\skip75
\paraindent=\skip76
\beforeparaskip=\skip77
\afterparaskip=\skip78
\subparaindent=\skip79
\beforesubparaskip=\skip80
\aftersubparaskip=\skip81
\pfbreakskip=\skip82
\c@@ppsavesec=\count90
\c@@ppsaveapp=\count91
\ragrparindent=\dimen103
\everylistparindent=\dimen104
\parsepi=\skip83
\topsepi=\skip84
\itemsepi=\skip85
\parsepii=\skip86
\topsepii=\skip87
\topsepiii=\skip88
\itemsepii=\skip89
\itemsepiii=\skip90
\partopsepii=\skip91
\partopsepiii=\skip92
\m@msavetopsep=\skip93
\m@msavepartopsep=\skip94
\@enLab=\toks14
\abstitleskip=\skip95
\absleftindent=\skip96
\abs@leftindent=\dimen105
\absrightindent=\skip97
\absparindent=\skip98
\absparsep=\skip99
\c@vslineno=\count92
\c@poemline=\count93
\c@modulo@vs=\count94
\c@memfvsline=\count95
\vleftskip=\skip100
\vrightskip=\skip101
\stanzaskip=\skip102
\versewidth=\skip103
\vgap=\skip104
\vindent=\skip105
\vleftmargin=\dimen106
\c@verse=\count96
\c@chrsinstr=\count97
\beforepoemtitleskip=\skip106
\afterpoemtitleskip=\skip107
\c@poem=\count98
\beforePoemTitleskip=\skip108
\midPoemTitleskip=\skip109
\afterPoemTitleskip=\skip110
\col@sep=\dimen107
\extrarowheight=\dimen108
\NC@list=\toks15
\extratabsurround=\skip111
\backup@length=\skip112
\TX@col@width=\dimen109
\TX@old@table=\dimen110
\TX@old@col=\dimen111
\TX@target=\dimen112
\TX@delta=\dimen113
\TX@cols=\count99
\TX@ftn=\toks16
\heavyrulewidth=\dimen114
\lightrulewidth=\dimen115
\cmidrulewidth=\dimen116
\belowrulesep=\dimen117
\belowbottomsep=\dimen118
\aboverulesep=\dimen119
\abovetopsep=\dimen120
\cmidrulesep=\dimen121
\cmidrulekern=\dimen122
\defaultaddspace=\dimen123
\@cmidla=\count100
\@cmidlb=\count101
\@aboverulesep=\dimen124
\@belowrulesep=\dimen125
\@thisruleclass=\count102
\@lastruleclass=\count103
\@thisrulewidth=\dimen126
\ctableftskip=\skip113
\ctabrightskip=\skip114
\abovecolumnspenalty=\count104
\@linestogo=\count105
\@cellstogo=\count106
\@cellsincolumn=\count107
\crtok=\toks17
\@mincolumnwidth=\dimen127
\c@newflo@tctr=\count108
\mem@margin@floatbox=\box26
\@contcwidth=\skip115
\@contindw=\skip116
\abovecaptionskip=\skip117
\belowcaptionskip=\skip118
\subfloattopskip=\skip119
\subfloatcapskip=\skip120
\subfloatcaptopadj=\skip121
\subfloatbottomskip=\skip122
\subfloatlabelskip=\skip123
\subfloatcapmargin=\dimen128
\c@@contsubnum=\count109
\m@mscap@capbox=\box27
\m@mscap@fbox=\box28
\sidecapsep=\dimen129
\sidecapwidth=\dimen130
\m@m@tempdima=\dimen131
\m@mscapraise=\dimen132
\sidecapraise=\dimen133
\m@mscapmainwidth=\dimen134
\m@mscaplkern=\dimen135
\beforeepigraphskip=\skip124
\afterepigraphskip=\skip125
\epigraphwidth=\skip126
\epigraphrule=\skip127
LaTeX Info: Redefining \em on input line 7551.
LaTeX Info: Redefining \emph on input line 7559.
\tocentryskip=\skip128
\tocbaseline=\skip129
\cftparskip=\skip130
\cftbeforebookskip=\skip131
\cftbookindent=\dimen136
\cftbooknumwidth=\dimen137
\cftbeforepartskip=\skip132
\cftpartindent=\skip133
\cftpartnumwidth=\skip134
\cftbeforechapterskip=\skip135
\cftchapterindent=\skip136
\cftchapternumwidth=\skip137
\cftbeforesectionskip=\skip138
\cftsectionindent=\skip139
\cftsectionnumwidth=\skip140
\cftbeforesubsectionskip=\skip141
\cftsubsectionindent=\skip142
\cftsubsectionnumwidth=\skip143
\cftbeforesubsubsectionskip=\skip144
\cftsubsubsectionindent=\skip145
\cftsubsubsectionnumwidth=\skip146
\cftbeforeparagraphskip=\skip147
\cftparagraphindent=\skip148
\cftparagraphnumwidth=\skip149
\cftbeforesubparagraphskip=\skip150
\cftsubparagraphindent=\skip151
\cftsubparagraphnumwidth=\skip152
\prechapterprecisshift=\dimen138
\c@maxsecnumdepth=\count110
\bibindent=\dimen139
\bibitemsep=\skip153
\indexcolsep=\skip154
\indexrule=\skip155
\indexmarkstyle=\toks18
\@indexbox=\insert199
\glossarycolsep=\dimen140
\glossaryrule=\dimen141
\sideparvshift=\skip156
\sideins=\insert198
\sidebartopsep=\skip157
\sidebarhsep=\skip158
\sidebarvsep=\skip159
\sidebarwidth=\skip160
\footmarkwidth=\skip161
\footmarksep=\skip162
\footparindent=\skip163
\footinsdim=\skip164
\footinsv@r=\insert197
\@mpfootinsv@r=\insert196
\m@m@k=\count111
\m@m@h=\dimen142
\m@mipn@skip=\skip165
(load luc: /home/editorial/.texlive/texmf-var/luatex-cache/generic/fonts/otl/lmr
oman10-regular.luc)
\sidefootins=\insert195
\sidefootadjust=\skip166
\sidefootheight=\skip167
\sidefoothsep=\skip168
\sidefootvsep=\skip169
\sidefootwidth=\skip170
\m@mdownsf=\skip171
\c@sidefootnote=\count112
\sidefootmarkwidth=\skip172
\sidefootmarksep=\skip173
\sidefootparindent=\skip174
\c@pagenote=\count113
\c@pagenoteshadow=\count114
\mem@pn@lastkern=\skip175
\every@verbatim=\toks19
\afterevery@verbatim=\toks20
\verbatim@line=\toks21
\tab@position=\count115
\verbatim@in@stream=\read1
\verbatimindent=\skip176
\verbatim@out=\write3
\bvboxsep=\skip177
\c@memfbvline=\count116
\c@bvlinectr=\count117
\bvnumlength=\skip178
\fb@frw=\dimen143
\fb@frh=\dimen144
\FrameRule=\dimen145
\FrameSep=\dimen146
\c@cp@cntr=\count118
LaTeX Info: Redefining \: on input line 12068.
LaTeX Info: Redefining \! on input line 12070.
\c@ism@mctr=\count119
\c@xsm@mctr=\count120
\c@csm@mctr=\count121
\c@ksm@mctr=\count122
\c@xksm@mctr=\count123
\c@cksm@mctr=\count124
\c@msm@mctr=\count125
\c@xmsm@mctr=\count126
\c@cmsm@mctr=\count127
\c@bsm@mctr=\count128
\c@workm@mctr=\count129
\c@sheetsequence=\count130
\c@lastsheet=\count131
\c@lastpage=\count132
\c@figure=\count133
\c@lofdepth=\count134
\cftbeforefigureskip=\skip179
\cftfigureindent=\skip180
\cftfigurenumwidth=\skip181
\c@table=\count135
\c@lotdepth=\count136
\cftbeforetableskip=\skip182
\cfttableindent=\skip183
\cfttablenumwidth=\skip184
Package abstract [2008/07/23] emulated by memoir.
Package appendix [2008/07/23] emulated by memoir.
Package array [2008/09/09] emulated by memoir.
Package booktabs [2016/05/16] emulated by memoir.
Package ccaption [2008/07/23] emulated by memoir.
Package changepage [2008/07/23] emulated by memoir.
Package chngcntr [2008/07/23] emulated by memoir.
Package chngpage [2008/07/23] emulated by memoir.
Package crop emulated by memoir.
Package dcolumn [2008/07/23] emulated by memoir.
Package delarray [2008/07/23] emulated by memoir.
Package enumerate [2008/07/23] emulated by memoir.
Package epigraph [2008/07/23] emulated by memoir.
Package ifmtarg [2008/07/23] emulated by memoir.
Package index [2008/07/23] emulated by memoir.
Package makeidx [2008/07/23] emulated by memoir.
Package moreverb [2008/07/23] emulated by memoir.
Package mparhack [2008/07/23] emulated by memoir.
Package needspace [2008/07/23] emulated by memoir.
Package newfile [2008/07/23] emulated by memoir.
Package nextpage [2008/07/23] emulated by memoir.
Package pagenote [2008/07/23] emulated by memoir.
Package parskip [2008/07/23] emulated by memoir.
Package patchcmd [2008/07/23] emulated by memoir.
Package setspace [2008/07/23] emulated by memoir.
Package shortvrb [2008/07/23] emulated by memoir.
Package showidx [2008/07/23] emulated by memoir.
Package tabularx [2008/07/23] emulated by memoir.
Package titleref [2008/07/23] emulated by memoir.
Package titling [2008/07/23] emulated by memoir.
Package tocbibind [2008/07/23] emulated by memoir.
Package tocloft [2008/07/23] emulated by memoir.
Package tocvsec2 [2008/07/23] emulated by memoir.
Package verbatim [2008/07/23] emulated by memoir.
Package verse [2008/07/23] emulated by memoir.
 (/usr/share/texmf-dist/tex/latex/memoir/mempatch.sty
Package: mempatch 2009/07/24 v6.0f Patches for memoir class v1.6180339
))
(./hedraoptions.sty

Class memoir Warning: \marginparsep is zero or negative on input line 165.


******************************************************
Stock height and width: 845.04684pt by 597.50787pt
Top and edge trims: 56.9055pt and 113.81102pt
Page height and width: 597.50787pt by 369.88582pt
Text height and width: 476pt by 284pt
Spine and edge margins: 44.38487pt and 40.97339pt
Upper and lower margins: 41.21399pt and 80.29388pt
Headheight and headsep: 14.5pt and 0pt
Footskip: 30pt
Columnsep and columnseprule: 10pt and 0pt
Marginparsep and marginparwidth: 0pt and 71.13188pt
Sidecapsep and sidecapwidth: 7pt and 102pt
Sidebarhsep and sidebarwidth: 7pt and 102pt
Sidebarvsep and sidebartopsep: 14.5pt and 0pt
Sidebarheight: 546.64995pt
Sidefoothsep and sidefootwidth: 7pt and 102pt
Sidefootvsep and sidefootheight: 14.5pt and 546.64995pt
******************************************************

) (/home/editorial/texmf/tex/hedrastyles.sty
(/usr/share/texmf-dist/tex/latex/textcase/textcase.sty
Package: textcase 2004/10/07 v0.07 Text only upper/lower case changing (DPC)
LaTeX Info: Redefining \MakeTextUppercase on input line 47.
LaTeX Info: Redefining \MakeTextLowercase on input line 50.
)
(/usr/share/texmf-dist/tex/latex/etoolbox/etoolbox.sty
Package: etoolbox 2017/01/02 v2.4 e-TeX tools for LaTeX (JAW)
\etb@tempcnta=\count137
)) (./tipografia.sty
(/usr/share/texmf-dist/tex/latex/lettrine/lettrine.sty
File: lettrine.sty 2015/08/31 v1.9 (Daniel Flipo)

(/usr/share/texmf-dist/tex/latex/graphics/keyval.sty
Package: keyval 2014/10/28 v1.15 key=value parser (DPC)
\KV@toks@=\toks22
)
\c@DefaultLines=\count138
\c@DefaultDepth=\count139
\DefaultFindent=\dimen147
\DefaultNindent=\dimen148
\DefaultSlope=\dimen149
\DiscardVskip=\dimen150
\L@lbox=\box29
\L@tbox=\box30
\c@L@lines=\count140
\c@L@depth=\count141
\L@Pindent=\dimen151
\L@Findent=\dimen152
\L@Nindent=\dimen153
\L@lraise=\dimen154
\L@first=\dimen155
\L@next=\dimen156
\L@slope=\dimen157
\L@height=\dimen158
\L@novskip=\dimen159
\LettrineWidth=\dimen160
\LettrineHeight=\dimen161
\LettrineDepth=\dimen162

Loading lettrine.cfg
(/usr/share/texmf-dist/tex/latex/lettrine/lettrine.cfg))
(/usr/share/texmf-dist/tex/generic/ulem/ulem.sty
\UL@box=\box31
\UL@hyphenbox=\box32
\UL@skip=\skip185
\UL@hook=\toks23
\UL@height=\dimen163
\UL@pe=\count142
\UL@pixel=\dimen164
\ULC@box=\box33
Package: ulem 2012/05/18
\ULdepth=\dimen165
)
(/usr/share/texmf-dist/tex/latex/comment/comment.sty
\CommentStream=\write4

Excluding comment 'comment') (/usr/share/texmf-dist/tex/latex/lipsum/lipsum.sty
Package: lipsum 2014/07/27 v1.3 150 paragraphs of Lorem Ipsum dummy text
\c@lips@count=\count143
) (/home/editorial/texmf/tex/adforn.sty
Package: adforn 2010/07/25 v1.0 adforn CFR

(/usr/share/texmf-dist/tex/latex/psnfss/pifont.sty
Package: pifont 2005/04/12 PSNFSS-v9.2a Pi font support (SPQR) 
LaTeX Font Info:    Try loading font information for U+pzd on input line 63.

(/usr/share/texmf-dist/tex/latex/psnfss/upzd.fd
File: upzd.fd 2001/06/04 font definitions for U/pzd.
)
LaTeX Font Info:    Try loading font information for U+psy on input line 64.

(/usr/share/texmf-dist/tex/latex/psnfss/upsy.fd
File: upsy.fd 2001/06/04 font definitions for U/psy.
))
LaTeX Font Info:    Try loading font information for U+OrnementsADF on input lin
e 4.

(/usr/share/texmf-dist/tex/latex/adforn/uornementsadf.fd))
(/home/editorial/texmf/tex/hifensextras.sty)
(/usr/share/texmf-dist/tex/latex/ncctools/manyfoot.sty
Package: manyfoot 2005/09/11 v1.10 Many Footnote Levels Package (NCC)

(/usr/share/texmf-dist/tex/latex/ncctools/nccfoots.sty
Package: nccfoots 2005/02/03 v1.2 NCC Footnotes Package (NCC)
)
\MFL@columnwidth=\dimen166
\footglue=\skip186
)
(/usr/share/texmf-dist/tex/latex/footmisc/footmisc.sty
Package: footmisc 2011/06/06 v5.5b a miscellany of footnote facilities
\FN@temptoken=\toks24
\footnotemargin=\dimen167


LaTeX Warning: Command \@makecol  has changed.
               Check if current package is valid.

\c@pp@next@reset=\count144

LaTeX Warning: Command \@footnotemark  has changed.
               Check if current package is valid.

Package footmisc Info: Declaring symbol style bringhurst on input line 855.
Package footmisc Info: Declaring symbol style chicago on input line 863.
Package footmisc Info: Declaring symbol style wiley on input line 872.
Package footmisc Info: Declaring symbol style lamport-robust on input line 883.
Package footmisc Info: Declaring symbol style lamport* on input line 903.
Package footmisc Info: Declaring symbol style lamport*-robust on input line 924.

) (/usr/share/texmf-dist/tex/latex/xifthen/xifthen.sty
Package: xifthen 2015/11/05 v1.4.0 Extended ifthen features

(/usr/share/texmf-dist/tex/latex/tools/calc.sty
Package: calc 2014/10/28 v4.3 Infix arithmetic (KKT,FJ)
\calc@Acount=\count145
\calc@Bcount=\count146
\calc@Adimen=\dimen168
\calc@Bdimen=\dimen169
\calc@Askip=\skip187
\calc@Bskip=\skip188
LaTeX Info: Redefining \setlength on input line 80.
LaTeX Info: Redefining \addtolength on input line 81.
\calc@Ccount=\count147
\calc@Cskip=\skip189
)
(/usr/share/texmf-dist/tex/latex/base/ifthen.sty
Package: ifthen 2014/09/29 v1.1c Standard LaTeX ifthen package (DPC)
))
(/home/editorial/texmf/tex/extras/footnote.sty
Package: footnote 1997/01/28 1.13 Save footnotes around boxes
\fn@notes=\box34
\fn@width=\dimen170
)
\epigraphminimallength=\skip190
)
(/usr/share/texmf-dist/tex/generic/babel/babel.sty
Package: babel 2017/11/03 3.15 The Babel package

(/usr/share/texmf-dist/tex/generic/babel/switch.def
File: switch.def 2017/11/03 3.15 Babel switching mechanism
)
(/usr/share/texmf-dist/tex/generic/babel/luababel.def
\l@dumylang=\language2
Package babel Info: Non-standard hyphenation setup on input line 112.
\l@nohyphenation=\language3
\l@german-x-2017-03-31=\language4
\l@ngerman-x-2017-03-31=\language5
\l@afrikaans=\language6
\l@ancientgreek=\language7
\l@ibycus=\language8
\l@arabic=\language9
\l@armenian=\language10
\l@basque=\language11
\l@belarusian=\language12
\l@bulgarian=\language13
\l@catalan=\language14
\l@pinyin=\language15
\l@churchslavonic=\language16
\l@coptic=\language17
\l@croatian=\language18
\l@czech=\language19
\l@danish=\language20
\l@dutch=\language21
\l@ukenglish=\language22
\l@usenglishmax=\language23
\l@esperanto=\language24
\l@estonian=\language25
\l@ethiopic=\language26
\l@farsi=\language27
\l@finnish=\language28
\l@french=\language29
\l@friulan=\language30
\l@galician=\language31
\l@georgian=\language32
\l@german=\language33
\l@ngerman=\language34
\l@swissgerman=\language35
\l@monogreek=\language36
\l@greek=\language37
\l@hungarian=\language38
\l@icelandic=\language39
\l@assamese=\language40
\l@bengali=\language41
\l@gujarati=\language42
\l@hindi=\language43
\l@kannada=\language44
\l@malayalam=\language45
\l@marathi=\language46
\l@oriya=\language47
\l@panjabi=\language48
\l@tamil=\language49
\l@telugu=\language50
\l@indonesian=\language51
\l@interlingua=\language52
\l@irish=\language53
\l@italian=\language54
\l@kurmanji=\language55
\l@latin=\language56
\l@classiclatin=\language57
\l@liturgicallatin=\language58
\l@latvian=\language59
\l@lithuanian=\language60
\l@mongolian=\language61
\l@mongolianlmc=\language62
\l@bokmal=\language63
\l@nynorsk=\language64
\l@occitan=\language65
\l@piedmontese=\language66
\l@polish=\language67
\l@portuguese=\language68
\l@romanian=\language69
\l@romansh=\language70
\l@russian=\language71
\l@sanskrit=\language72
\l@serbian=\language73
\l@serbianc=\language74
\l@slovak=\language75
\l@slovenian=\language76
\l@spanish=\language77
\l@swedish=\language78
\l@thai=\language79
\l@turkish=\language80
\l@turkmen=\language81
\l@ukrainian=\language82
\l@uppersorbian=\language83
\l@welsh=\language84
)
(/usr/share/texmf-dist/tex/generic/babel-greek/greek.ldf
Language: greek 2016/09/07 v1.9g Greek support for the babel system

(/usr/share/texmf-dist/tex/generic/babel/babel.def
File: babel.def 2017/11/03 3.15 Babel common definitions

(/usr/share/texmf-dist/tex/generic/babel/switch.def
File: switch.def 2017/11/03 3.15 Babel switching mechanism
)
\babel@savecnt=\count148
\U@D=\dimen171

(/usr/share/texmf-dist/tex/generic/babel/luababel.def))
\bbl@monogreek=\count149
\bbl@polygreek=\count150
\bbl@ancientgreek=\count151

(/usr/share/texmf-dist/tex/latex/greek-fontenc/lgrenc.def
File: lgrenc.def 2015/12/07 v0.13.1 LGR Greek font encoding definitions

(/usr/share/texmf-dist/tex/latex/greek-fontenc/greek-fontenc.def
File: greek-fontenc.def 2015/08/04 v0.13 Common Greek font encoding definitions
))
LaTeX Info: Composite with undeclared \< in encoding LGR on input line 418.
LaTeX Info: Composite with undeclared \> in encoding LGR on input line 418.

(/usr/share/texmf-dist/tex/generic/hyph-utf8/loadhyph/loadhyph-el-polyton.tex
UTF-8 Hyphenation patterns for multi-accent (polytonic) Modern Greek
(/usr/share/texmf-dist/tex/generic/hyph-utf8/patterns/tex/hyph-el-polyton.tex)))
 (/usr/share/texmf-dist/tex/generic/babel-english/english.ldf
Language: english 2017/06/06 v3.3r English support from the babel system
\l@canadian = a dialect from \language\l@american 
\l@australian = a dialect from \language\l@british 
\l@newzealand = a dialect from \language\l@british 
)
(/usr/share/texmf-dist/tex/generic/babel-italian/italian.ldf
Language: italian 2015/03/26 v1.3n Italian support from the babel system
\it@lettering=\count152
\it@doublequoteactive=\count153
\it@ISOcompliance=\count154

(/usr/share/texmf-dist/tex/generic/hyph-utf8/loadhyph/loadhyph-it.tex
UTF-8 Italian hyphenation patterns
(/usr/share/texmf-dist/tex/generic/hyph-utf8/patterns/tex/hyph-it.tex)
(/usr/share/texmf-dist/tex/generic/hyph-utf8/patterns/quote/hyph-quote-it.tex)))
 (/usr/share/texmf-dist/tex/generic/babel-german/ngerman.ldf
Language: ngerman 2016/11/02 v2.9 German support for babel (new orthography)

(/usr/share/texmf-dist/tex/generic/babel-german/ngermanb.ldf
Language: ngermanb 2016/11/02 v2.9 German support for babel (new orthography)
Package babel Info: Making " an active character on input line 125.

(/usr/share/texmf-dist/tex/generic/hyph-utf8/loadhyph/loadhyph-de-1996.tex
UTF-8 German hyphenation patterns (reformed orthography)
(/usr/share/texmf-dist/tex/generic/hyph-utf8/patterns/tex/hyph-de-1996.tex
German Hyphenation Patterns (Reformed Orthography, 2006) `dehyphn-x' 2017-03-31
 (WL))))) (/usr/share/texmf-dist/tex/generic/babel-french/french.ldf
Language: french 2017/10/19 v3.3d French support from the babel system
\FB@nonchar=\count155
\FBcolonsp=\toks25
\FBthinsp=\toks26
\FB@spacing=\attribute5
\FB@addDPspace=\attribute6
\FB@addGUILspace=\attribute7
\FB@ucsNBSP=\attribute8
Package french.ldf Info: No need for active punctuation characters
(french.ldf)             with this version of LuaTeX!
(french.ldf)             reported on input line 189.
\FBguillsp=\toks27
\FBguill@level=\count156
\FB@everypar=\toks28
\FB@Mht=\dimen172
LaTeX Info: Redefining \degres on input line 681.
\mc@charclass=\count157
\mc@charfam=\count158
\mc@charslot=\count159
\std@mcc=\count160
\dec@mcc=\count161
\c@FBcaption@count=\count162
\listindentFB=\skip191
\descindentFB=\skip192
\labelwidthFB=\skip193
\leftmarginFB=\skip194
\parindentFFN=\dimen173
\FBfnindent=\skip256

(/usr/share/texmf-dist/tex/generic/hyph-utf8/loadhyph/loadhyph-fr.tex
UTF-8 French hyphenation patterns
(/usr/share/texmf-dist/tex/generic/hyph-utf8/patterns/tex/hyph-fr.tex)
(/usr/share/texmf-dist/tex/generic/hyph-utf8/patterns/quote/hyph-quote-fr.tex)))
 (/usr/share/texmf-dist/tex/generic/babel-russian/russianb.ldf
Language: russian 2017/08/12 1.3j Russian support for the Babel system
Package babel Info: Default for \cyrdash is provided on input line 157.

(/usr/share/texmf-dist/tex/generic/hyph-utf8/loadhyph/loadhyph-ru.tex
UTF-8 Russian hyphenation patterns
(/usr/share/texmf-dist/tex/generic/hyph-utf8/patterns/tex/hyph-ru.tex)))
(/usr/share/texmf-dist/tex/generic/babel-portuges/portuges.ldf
Language: portuges 2008/03/18 v1.2q Portuguese support from the babel system
\l@brazilian = a dialect from \language\l@portuges 

(/usr/share/texmf-dist/tex/generic/hyph-utf8/loadhyph/loadhyph-pt.tex
UTF-8 Portuguese hyphenation patterns
(/usr/share/texmf-dist/tex/generic/hyph-utf8/patterns/tex/hyph-pt.tex))))
(/usr/share/texmf-dist/tex/latex/carlisle/scalefnt.sty)
(/usr/share/texmf-dist/tex/latex/microtype/microtype.sty
Package: microtype 2017/07/07 v2.7 Micro-typographical refinements (RS)
\MT@toks=\toks29
\MT@count=\count163
LaTeX Info: Redefining \textls on input line 789.
\MT@outer@kern=\dimen174
LaTeX Info: Redefining \textmicrotypecontext on input line 1334.
\MT@listname@count=\count164

(/usr/share/texmf-dist/tex/latex/microtype/microtype-luatex.def
File: microtype-luatex.def 2017/07/07 v2.7 Definitions specific to luatex (RS)
Lua module: microtype 2017/07/07 2.7 microtype module.
LaTeX Info: Redefining \lsstyle on input line 681.
LaTeX Info: Redefining \lslig on input line 681.
\MT@outer@space=\skip257
)
Package microtype Info: Loading configuration file microtype.cfg.

(/usr/share/texmf-dist/tex/latex/microtype/microtype.cfg
File: microtype.cfg 2017/07/07 v2.7 microtype main configuration file (RS)
))
(/usr/share/texmf-dist/tex/latex/fontspec/fontspec.sty
(/usr/share/texmf-dist/tex/latex/l3packages/xparse/xparse.sty
(/usr/share/texmf-dist/tex/latex/l3kernel/expl3.sty
Package: expl3 2017/11/14 L3 programming layer (loader) 

(/usr/share/texmf-dist/tex/latex/l3kernel/expl3-code.tex
Package: expl3 2017/11/14 L3 programming layer (code)
\ucharcat@table=\catcodetable5
\c_max_int=\count165
\l_tmpa_int=\count166
\l_tmpb_int=\count167
\g_tmpa_int=\count168
\g_tmpb_int=\count169
\g__intarray_font_int=\count170
\g__prg_map_int=\count171
\c_log_iow=\count172
\l_iow_line_count_int=\count173
\l__iow_line_target_int=\count174
\l__iow_one_indent_int=\count175
\l__iow_indent_int=\count176
\c_zero_dim=\dimen175
\c_max_dim=\dimen176
\l_tmpa_dim=\dimen177
\l_tmpb_dim=\dimen178
\g_tmpa_dim=\dimen179
\g_tmpb_dim=\dimen180
\c_zero_skip=\skip258
\c_max_skip=\skip259
\l_tmpa_skip=\skip260
\l_tmpb_skip=\skip261
\g_tmpa_skip=\skip262
\g_tmpb_skip=\skip263
\c_zero_muskip=\muskip10
\c_max_muskip=\muskip11
\l_tmpa_muskip=\muskip12
\l_tmpb_muskip=\muskip13
\g_tmpa_muskip=\muskip14
\g_tmpb_muskip=\muskip15
\l_keys_choice_int=\count177
\c__fp_leading_shift_int=\count178
\c__fp_middle_shift_int=\count179
\c__fp_trailing_shift_int=\count180
\c__fp_big_leading_shift_int=\count181
\c__fp_big_middle_shift_int=\count182
\c__fp_big_trailing_shift_int=\count183
\c__fp_Bigg_leading_shift_int=\count184
\c__fp_Bigg_middle_shift_int=\count185
\c__fp_Bigg_trailing_shift_int=\count186
\c__fp_rand_size_int=\count187
\c__fp_rand_four_int=\count188
\c__fp_rand_eight_int=\count189
\l__sort_length_int=\count190
\l__sort_min_int=\count191
\l__sort_top_int=\count192
\l__sort_max_int=\count193
\l__sort_true_max_int=\count194
\l__sort_block_int=\count266
\l__sort_begin_int=\count267
\l__sort_end_int=\count268
\l__sort_A_int=\count269
\l__sort_B_int=\count270
\l__sort_C_int=\count271
\l__tl_build_start_index_int=\count272
\l__tl_build_index_int=\count273
\l__tl_analysis_normal_int=\count274
\l__tl_analysis_index_int=\count275
\l__tl_analysis_nesting_int=\count276
\l__tl_analysis_type_int=\count277
\l__regex_internal_a_int=\count278
\l__regex_internal_b_int=\count279
\l__regex_internal_c_int=\count280
\l__regex_balance_int=\count281
\l__regex_group_level_int=\count282
\l__regex_mode_int=\count283
\c__regex_cs_in_class_mode_int=\count284
\c__regex_cs_mode_int=\count285
\l__regex_catcodes_int=\count286
\l__regex_default_catcodes_int=\count287
\c__regex_catcode_L_int=\count288
\c__regex_catcode_O_int=\count289
\c__regex_catcode_A_int=\count290
\c__regex_all_catcodes_int=\count291
\l__regex_show_lines_int=\count292
\l__regex_min_state_int=\count293
\l__regex_max_state_int=\count294
\l__regex_left_state_int=\count295
\l__regex_right_state_int=\count296
\l__regex_capturing_group_int=\count297
\l__regex_min_pos_int=\count298
\l__regex_max_pos_int=\count299
\l__regex_curr_pos_int=\count300
\l__regex_start_pos_int=\count301
\l__regex_success_pos_int=\count302
\l__regex_curr_char_int=\count303
\l__regex_curr_catcode_int=\count304
\l__regex_last_char_int=\count305
\l__regex_case_changed_char_int=\count306
\l__regex_curr_state_int=\count307
\l__regex_step_int=\count308
\l__regex_min_active_int=\count309
\l__regex_max_active_int=\count310
\l__regex_replacement_csnames_int=\count311
\l__regex_match_count_int=\count312
\l__regex_min_submatch_int=\count313
\l__regex_submatch_int=\count314
\l__regex_zeroth_submatch_int=\count315
\g__debug_trace_regex_int=\count316
\c_empty_box=\box35
\l_tmpa_box=\box36
\l_tmpb_box=\box37
\g_tmpa_box=\box38
\g_tmpb_box=\box39
\l__box_top_dim=\dimen181
\l__box_bottom_dim=\dimen182
\l__box_left_dim=\dimen183
\l__box_right_dim=\dimen184
\l__box_top_new_dim=\dimen185
\l__box_bottom_new_dim=\dimen186
\l__box_left_new_dim=\dimen187
\l__box_right_new_dim=\dimen188
\l__box_internal_box=\box40
\l__coffin_internal_box=\box41
\l__coffin_internal_dim=\dimen189
\l__coffin_offset_x_dim=\dimen190
\l__coffin_offset_y_dim=\dimen191
\l__coffin_x_dim=\dimen192
\l__coffin_y_dim=\dimen193
\l__coffin_x_prime_dim=\dimen194
\l__coffin_y_prime_dim=\dimen256
\c_empty_coffin=\box42
\l__coffin_aligned_coffin=\box43
\l__coffin_aligned_internal_coffin=\box44
\l_tmpa_coffin=\box45
\l_tmpb_coffin=\box46
\l__coffin_display_coffin=\box47
\l__coffin_display_coord_coffin=\box48
\l__coffin_display_pole_coffin=\box49
\l__coffin_display_offset_dim=\dimen257
\l__coffin_display_x_dim=\dimen258
\l__coffin_display_y_dim=\dimen259
\l__coffin_bounding_shift_dim=\dimen260
\l__coffin_left_corner_dim=\dimen261
\l__coffin_right_corner_dim=\dimen262
\l__coffin_bottom_corner_dim=\dimen263
\l__coffin_top_corner_dim=\dimen264
\l__coffin_scaled_total_height_dim=\dimen265
\l__coffin_scaled_width_dim=\dimen266
)
(/usr/share/texmf-dist/tex/latex/l3kernel/l3pdfmode.def
File: l3pdfmode.def 2017/03/18 v L3 Experimental driver: PDF mode
\l__driver_color_stack_int=\count317
\l__driver_tmp_box=\box50
))
Package: xparse 2017/11/14 L3 Experimental document command parser
\l__xparse_current_arg_int=\count318
\g__xparse_grabber_int=\count319
\l__xparse_m_args_int=\count320
\l__xparse_mandatory_args_int=\count321
\l__xparse_v_nesting_int=\count322
)
Package: fontspec 2017/11/09 v2.6g Font selection for XeLaTeX and LuaLaTeX
Lua module: fontspec 2017/11/09 2.6g Font selection for XeLaTeX and LuaLaTeX
(/usr/share/texmf-dist/tex/latex/fontspec/fontspec-luatex.sty
Package: fontspec-luatex 2017/11/09 v2.6g Font selection for XeLaTeX and LuaLaTe
X
\l__fontspec_script_int=\count323
\l__fontspec_language_int=\count324
\l__fontspec_strnum_int=\count325
\l__fontspec_tmp_int=\count326
\l__fontspec_em_int=\count327
\l__fontspec_emdef_int=\count328
\l__fontspec_strong_int=\count329
\l__fontspec_strongdef_int=\count330
\l__fontspec_tmpa_dim=\dimen267
\l__fontspec_tmpb_dim=\dimen268
\l__fontspec_tmpc_dim=\dimen269
\g__file_internal_ior=\read2

(/usr/share/texmf-dist/tex/latex/base/fontenc.sty
Package: fontenc 2017/04/05 v2.0i Standard LaTeX package

(/usr/share/texmf-dist/tex/latex/base/tuenc.def
File: tuenc.def 2017/04/05 v2.0i Standard LaTeX file
LaTeX Font Info:    Redeclaring font encoding TU on input line 82.
)
LaTeX Font Info:    Try loading font information for TU+cmr on input line 105.
LaTeX Font Info:    No file TUcmr.fd. on input line 105.


LaTeX Font Warning: Font shape `TU/cmr/m/n' undefined
(Font)              using `TU/lmr/m/n' instead on input line 105.

)
.................................................
. LaTeX info: "xparse/define-command"
. 
. Defining command \fontspec with sig. 'O{}mO{}' on line 545.
.................................................
.................................................
. LaTeX info: "xparse/define-command"
. 
. Defining command \setmainfont with sig. 'O{}mO{}' on line 549.
.................................................
.................................................
. LaTeX info: "xparse/define-command"
. 
. Defining command \setsansfont with sig. 'O{}mO{}' on line 553.
.................................................
.................................................
. LaTeX info: "xparse/define-command"
. 
. Defining command \setmonofont with sig. 'O{}mO{}' on line 557.
.................................................
.................................................
. LaTeX info: "xparse/define-command"
. 
. Defining command \setmathrm with sig. 'O{}mO{}' on line 561.
.................................................
.................................................
. LaTeX info: "xparse/define-command"
. 
. Defining command \setboldmathrm with sig. 'O{}mO{}' on line 565.
.................................................
.................................................
. LaTeX info: "xparse/define-command"
. 
. Defining command \setmathsf with sig. 'O{}mO{}' on line 569.
.................................................
.................................................
. LaTeX info: "xparse/define-command"
. 
. Defining command \setmathtt with sig. 'O{}mO{}' on line 573.
.................................................
.................................................
. LaTeX info: "xparse/define-command"
. 
. Defining command \setromanfont with sig. 'O{}mO{}' on line 577.
.................................................
.................................................
. LaTeX info: "xparse/define-command"
. 
. Defining command \newfontfamily with sig. 'mO{}mO{}' on line 581.
.................................................
.................................................
. LaTeX info: "xparse/define-command"
. 
. Defining command \newfontface with sig. 'mO{}mO{}' on line 585.
.................................................
.................................................
. LaTeX info: "xparse/define-command"
. 
. Defining command \defaultfontfeatures with sig. 't+om' on line 589.
.................................................
.................................................
. LaTeX info: "xparse/define-command"
. 
. Defining command \addfontfeatures with sig. 'm' on line 593.
.................................................
.................................................
. LaTeX info: "xparse/define-command"
. 
. Defining command \addfontfeature with sig. 'm' on line 597.
.................................................
.................................................
. LaTeX info: "xparse/define-command"
. 
. Defining command \newfontfeature with sig. 'mm' on line 601.
.................................................
.................................................
. LaTeX info: "xparse/define-command"
. 
. Defining command \newAATfeature with sig. 'mmmm' on line 605.
.................................................
.................................................
. LaTeX info: "xparse/define-command"
. 
. Defining command \newopentypefeature with sig. 'mmm' on line 609.
.................................................
.................................................
. LaTeX info: "xparse/define-command"
. 
. Defining command \newICUfeature with sig. 'mmm' on line 613.
.................................................
.................................................
. LaTeX info: "xparse/define-command"
. 
. Defining command \aliasfontfeature with sig. 'mm' on line 617.
.................................................
.................................................
. LaTeX info: "xparse/define-command"
. 
. Defining command \aliasfontfeatureoption with sig. 'mmm' on line 621.
.................................................
.................................................
. LaTeX info: "xparse/define-command"
. 
. Defining command \newfontscript with sig. 'mm' on line 625.
.................................................
.................................................
. LaTeX info: "xparse/define-command"
. 
. Defining command \newfontlanguage with sig. 'mm' on line 629.
.................................................
.................................................
. LaTeX info: "xparse/define-command"
. 
. Defining command \DeclareFontsExtensions with sig. 'm' on line 633.
.................................................
.................................................
. LaTeX info: "xparse/define-command"
. 
. Defining command \IfFontFeatureActiveTF with sig. 'mmm' on line 637.
.................................................
.................................................
. LaTeX info: "xparse/define-command"
. 
. Defining command \EncodingCommand with sig. 'mO{}m' on line 3366.
.................................................
.................................................
. LaTeX info: "xparse/define-command"
. 
. Defining command \EncodingAccent with sig. 'mm' on line 3372.
.................................................
.................................................
. LaTeX info: "xparse/define-command"
. 
. Defining command \EncodingSymbol with sig. 'mm' on line 3378.
.................................................
.................................................
. LaTeX info: "xparse/define-command"
. 
. Defining command \EncodingComposite with sig. 'mmm' on line 3384.
.................................................
.................................................
. LaTeX info: "xparse/define-command"
. 
. Defining command \EncodingCompositeCommand with sig. 'mmm' on line 3390.
.................................................
.................................................
. LaTeX info: "xparse/define-command"
. 
. Defining command \DeclareUnicodeEncoding with sig. 'mm' on line 3415.
.................................................
.................................................
. LaTeX info: "xparse/define-command"
. 
. Defining command \UndeclareSymbol with sig. 'm' on line 3421.
.................................................
.................................................
. LaTeX info: "xparse/define-command"
. 
. Defining command \UndeclareAccent with sig. 'm' on line 3427.
.................................................
.................................................
. LaTeX info: "xparse/define-command"
. 
. Defining command \UndeclareCommand with sig. 'm' on line 3433.
.................................................
.................................................
. LaTeX info: "xparse/define-command"
. 
. Defining command \UndeclareComposite with sig. 'mm' on line 3440.
.................................................
 (/usr/share/texmf-dist/tex/latex/fontspec/fontspec.cfg)
LaTeX Info: Redefining \itshape on input line 3625.
LaTeX Info: Redefining \slshape on input line 3630.
LaTeX Info: Redefining \scshape on input line 3635.
LaTeX Info: Redefining \upshape on input line 3640.
LaTeX Info: Redefining \em on input line 3670.
LaTeX Info: Redefining \emph on input line 3695.
(load luc: /home/editorial/.texlive/texmf-var/luatex-cache/generic/fonts/otl/lmr
oman12-bold.luc)(load luc: /home/editorial/.texlive/texmf-var/luatex-cache/gener
ic/fonts/otl/lmroman12-italic.luc)
LaTeX Info: Redefining \- on input line 3749.
.................................................
. LaTeX info: "xparse/redefine-command"
. 
. Redefining command \oldstylenums with sig. 'm' on line 3844.
.................................................
.................................................
. LaTeX info: "xparse/define-command"
. 
. Defining command \liningnums with sig. 'm' on line 3848.
.................................................
)) (/usr/share/texmf-dist/tex/lualatex/luatextra/luatextra.sty
Package: luatextra 2010/10/10 v1.0 Loading usual LuaLaTeX packages

(/usr/share/texmf-dist/tex/luatex/luatexbase/luatexbase.sty
Package: luatexbase 2015/10/04 v1.3 luatexbase interface to LuaTeX 

(/usr/share/texmf-dist/tex/luatex/ctablestack/ctablestack.sty
Package: ctablestack 2015/10/01 v1.0 Catcode table stable support
\@catcodetablestackcnt=\count331
)
\CatcodeTableOther=\catcodetable6
\CatcodeTableExpl=\catcodetable7
)
(/usr/share/texmf-dist/tex/latex/metalogo/metalogo.sty
Package: metalogo 2010/05/29 v0.12 Extended TeX logo macros

(/home/editorial/texmf/tex/graphicx.sty
Package: graphicx 1999/02/16 v1.0f Enhanced LaTeX Graphics (DPC,SPQR)

(/usr/share/texmf-dist/tex/latex/graphics/graphics.sty
Package: graphics 2017/06/25 v1.2c Standard LaTeX Graphics (DPC,SPQR)

(/usr/share/texmf-dist/tex/latex/graphics/trig.sty
Package: trig 2016/01/03 v1.10 sin cos tan (DPC)
)
(/usr/share/texmf-dist/tex/latex/graphics-cfg/graphics.cfg
File: graphics.cfg 2016/06/04 v1.11 sample graphics configuration
)
Package graphics Info: Driver file: luatex.def on input line 99.

(/usr/share/texmf-dist/tex/latex/graphics-def/luatex.def
File: luatex.def 2017/06/24 v1.0f Graphics/color driver for luatex
))
\Gin@req@height=\dimen270
\Gin@req@width=\dimen271
)
\xl@everylogo=\toks30
\xl@@everylogo=\toks31
LaTeX Info: Redefining \TeX on input line 193.
LaTeX Info: Redefining \LaTeX on input line 202.
LaTeX Info: Redefining \LaTeXe on input line 219.
)
(/usr/share/texmf-dist/tex/lualatex/luacode/luacode.sty
Package: luacode 2012/01/23 v1.2a lua-in-tex helpers (mpg)
\luacode@lines=\toks32
\luacode@table@soft=\catcodetable8
)
(/usr/share/texmf-dist/tex/latex/base/fixltx2e.sty
Package: fixltx2e 2016/12/29 v2.1a fixes to LaTeX (obsolete)
Applying: [2015/01/01] Old fixltx2e package on input line 46.


Package fixltx2e Warning: fixltx2e is not required with releases after 2015
(fixltx2e)                All fixes are now in the LaTeX kernel.
(fixltx2e)                See the latexrelease package for details.

Already applied: [0000/00/00] Old fixltx2e package on input line 53.
))
luaotfload | cache : Lookup cache loaded from /home/editorial/.texlive/texmf-var
/luatex-cache/generic/names/luaotfload-lookup-cache.luc.(load luc: /home/editori
al/.texlive/texmf-var/luatex-cache/generic/fonts/otl/linlibertine-r.luc)
\g__fontspec_family_LinuxLibertineO_int=\count332
(load luc: /home/editorial/.texlive/texmf-var/luatex-cache/generic/fonts/otl/lin
libertine-rbi.luc)(load luc: /home/editorial/.texlive/texmf-var/luatex-cache/gen
eric/fonts/otl/linlibertine-rb.luc)(load luc: /home/editorial/.texlive/texmf-var
/luatex-cache/generic/fonts/otl/linlibertine-ri.luc)
.................................................
. fontspec info: "defining-font"
. 
. Font family 'LinuxLibertineO(0)' created for font 'Linux Libertine O' with
. options [Ligatures=TeX].
.  
.  This font family consists of the following NFSS series/shapes:
.  
. - 'normal' (m/n) with NFSS spec.:
. <->"LinuxLibertineO:mode=node;script=latn;language=DFLT;+tlig;"
. - 'small caps'  (m/sc) with NFSS spec.:
. <->"LinuxLibertineO:mode=node;script=latn;language=DFLT;+tlig;+smcp;"
. - 'bold' (bx/n) with NFSS spec.:
. <->"LinuxLibertineO/B:mode=node;script=latn;language=DFLT;+tlig;"
. - 'bold small caps'  (bx/sc) with NFSS spec.:
. <->"LinuxLibertineO/B:mode=node;script=latn;language=DFLT;+tlig;+smcp;"
. - 'italic' (m/it) with NFSS spec.:
. <->"LinuxLibertineO/I:mode=node;script=latn;language=DFLT;+tlig;"
. - 'italic small caps'  (m/itsc) with NFSS spec.:
. <->"LinuxLibertineO/I:mode=node;script=latn;language=DFLT;+tlig;+smcp;"
. - 'bold italic' (bx/it) with NFSS spec.:
. <->"LinuxLibertineO/BI:mode=node;script=latn;language=DFLT;+tlig;"
. - 'bold italic small caps'  (bx/itsc) with NFSS spec.:
. <->"LinuxLibertineO/BI:mode=node;script=latn;language=DFLT;+tlig;+smcp;"
.................................................
LaTeX Info: Redefining \rmfamily on input line 6.

(/home/editorial/texmf/tex/toc.sty
(/usr/share/texmf-dist/tex/latex/titlesec/titletoc.sty
Package: titletoc 2011/12/15 v1.6 TOC entries
\ttl@leftsep=\dimen272
)
(/usr/share/texmf-dist/tex/latex/relsize/relsize.sty
Package: relsize 2013/03/29 ver 4.1
)) (./hedraextra.sty
(/usr/share/texmf-dist/tex/latex/base/textcomp.sty
Package: textcomp 2017/04/05 v2.0i Standard LaTeX package
Package textcomp Info: Sub-encoding information:
(textcomp)               5 = only ISO-Adobe without \textcurrency
(textcomp)               4 = 5 + \texteuro
(textcomp)               3 = 4 + \textohm
(textcomp)               2 = 3 + \textestimated + \textcurrency
(textcomp)               1 = TS1 - \textcircled - \t
(textcomp)               0 = TS1 (full)
(textcomp)             Font families with sub-encoding setting implement
(textcomp)             only a restricted character set as indicated.
(textcomp)             Family '?' is the default used for unknown fonts.
(textcomp)             See the documentation for details.
Package textcomp Info: Setting ? sub-encoding to TS1/1 on input line 79.

(/usr/share/texmf-dist/tex/latex/base/ts1enc.def
File: ts1enc.def 2001/06/05 v3.0e (jk/car/fm) Standard LaTeX file
)
LaTeX Info: Redefining \oldstylenums on input line 334.
Package textcomp Info: Setting cmr sub-encoding to TS1/0 on input line 349.
Package textcomp Info: Setting cmss sub-encoding to TS1/0 on input line 350.
Package textcomp Info: Setting cmtt sub-encoding to TS1/0 on input line 351.
Package textcomp Info: Setting cmvtt sub-encoding to TS1/0 on input line 352.
Package textcomp Info: Setting cmbr sub-encoding to TS1/0 on input line 353.
Package textcomp Info: Setting cmtl sub-encoding to TS1/0 on input line 354.
Package textcomp Info: Setting ccr sub-encoding to TS1/0 on input line 355.
Package textcomp Info: Setting ptm sub-encoding to TS1/4 on input line 356.
Package textcomp Info: Setting pcr sub-encoding to TS1/4 on input line 357.
Package textcomp Info: Setting phv sub-encoding to TS1/4 on input line 358.
Package textcomp Info: Setting ppl sub-encoding to TS1/3 on input line 359.
Package textcomp Info: Setting pag sub-encoding to TS1/4 on input line 360.
Package textcomp Info: Setting pbk sub-encoding to TS1/4 on input line 361.
Package textcomp Info: Setting pnc sub-encoding to TS1/4 on input line 362.
Package textcomp Info: Setting pzc sub-encoding to TS1/4 on input line 363.
Package textcomp Info: Setting bch sub-encoding to TS1/4 on input line 364.
Package textcomp Info: Setting put sub-encoding to TS1/5 on input line 365.
Package textcomp Info: Setting uag sub-encoding to TS1/5 on input line 366.
Package textcomp Info: Setting ugq sub-encoding to TS1/5 on input line 367.
Package textcomp Info: Setting ul8 sub-encoding to TS1/4 on input line 368.
Package textcomp Info: Setting ul9 sub-encoding to TS1/4 on input line 369.
Package textcomp Info: Setting augie sub-encoding to TS1/5 on input line 370.
Package textcomp Info: Setting dayrom sub-encoding to TS1/3 on input line 371.
Package textcomp Info: Setting dayroms sub-encoding to TS1/3 on input line 372.
Package textcomp Info: Setting pxr sub-encoding to TS1/0 on input line 373.
Package textcomp Info: Setting pxss sub-encoding to TS1/0 on input line 374.
Package textcomp Info: Setting pxtt sub-encoding to TS1/0 on input line 375.
Package textcomp Info: Setting txr sub-encoding to TS1/0 on input line 376.
Package textcomp Info: Setting txss sub-encoding to TS1/0 on input line 377.
Package textcomp Info: Setting txtt sub-encoding to TS1/0 on input line 378.
Package textcomp Info: Setting lmr sub-encoding to TS1/0 on input line 379.
Package textcomp Info: Setting lmdh sub-encoding to TS1/0 on input line 380.
Package textcomp Info: Setting lmss sub-encoding to TS1/0 on input line 381.
Package textcomp Info: Setting lmssq sub-encoding to TS1/0 on input line 382.
Package textcomp Info: Setting lmvtt sub-encoding to TS1/0 on input line 383.
Package textcomp Info: Setting lmtt sub-encoding to TS1/0 on input line 384.
Package textcomp Info: Setting qhv sub-encoding to TS1/0 on input line 385.
Package textcomp Info: Setting qag sub-encoding to TS1/0 on input line 386.
Package textcomp Info: Setting qbk sub-encoding to TS1/0 on input line 387.
Package textcomp Info: Setting qcr sub-encoding to TS1/0 on input line 388.
Package textcomp Info: Setting qcs sub-encoding to TS1/0 on input line 389.
Package textcomp Info: Setting qpl sub-encoding to TS1/0 on input line 390.
Package textcomp Info: Setting qtm sub-encoding to TS1/0 on input line 391.
Package textcomp Info: Setting qzc sub-encoding to TS1/0 on input line 392.
Package textcomp Info: Setting qhvc sub-encoding to TS1/0 on input line 393.
Package textcomp Info: Setting futs sub-encoding to TS1/4 on input line 394.
Package textcomp Info: Setting futx sub-encoding to TS1/4 on input line 395.
Package textcomp Info: Setting futj sub-encoding to TS1/4 on input line 396.
Package textcomp Info: Setting hlh sub-encoding to TS1/3 on input line 397.
Package textcomp Info: Setting hls sub-encoding to TS1/3 on input line 398.
Package textcomp Info: Setting hlst sub-encoding to TS1/3 on input line 399.
Package textcomp Info: Setting hlct sub-encoding to TS1/5 on input line 400.
Package textcomp Info: Setting hlx sub-encoding to TS1/5 on input line 401.
Package textcomp Info: Setting hlce sub-encoding to TS1/5 on input line 402.
Package textcomp Info: Setting hlcn sub-encoding to TS1/5 on input line 403.
Package textcomp Info: Setting hlcw sub-encoding to TS1/5 on input line 404.
Package textcomp Info: Setting hlcf sub-encoding to TS1/5 on input line 405.
Package textcomp Info: Setting pplx sub-encoding to TS1/3 on input line 406.
Package textcomp Info: Setting pplj sub-encoding to TS1/3 on input line 407.
Package textcomp Info: Setting ptmx sub-encoding to TS1/4 on input line 408.
Package textcomp Info: Setting ptmj sub-encoding to TS1/4 on input line 409.
)
(/usr/share/texmf-dist/tex/latex/tools/bm.sty
Package: bm 2017/01/16 v1.2c Bold Symbol Support (DPC/FMi)
\symboldoperators=\mathgroup4
\symboldletters=\mathgroup5
\symboldsymbols=\mathgroup6
LaTeX Font Info:    Redeclaring math alphabet \mathbf on input line 141.
LaTeX Info: Redefining \bm on input line 207.
)
(/usr/share/texmf-dist/tex/latex/fix2col/fix2col.sty
Package: fix2col 2015/11/13 v0.04 Output Routine fixes for two column mode (DPC,
FMi)


Package fix2col Warning: Obsolete package: ignored.

) (/usr/share/texmf-dist/tex/latex/lastpage/lastpage.sty
Package: lastpage 2015/03/29 v1.2m Refers to last page's name (HMM; JPG)
)
(/usr/share/texmf-dist/tex/latex/shorttoc/shorttoc.sty
Package: shorttoc 2002/08/20 v1.3 Short table of contents (JPFD)
)
\c@@sectionNumCenter=\count333
)
(/home/editorial/texmf/tex/penalidades.sty)
(/home/editorial/texmf/tex/graficos.sty
(/usr/share/texmf-dist/tex/latex/wrapfig/wrapfig.sty
\wrapoverhang=\dimen273
\WF@size=\dimen274
\c@WF@wrappedlines=\count334
\WF@box=\box51
\WF@everypar=\toks33
Package: wrapfig 2003/01/31  v 3.6
)

Class memoir Warning: You are using the caption package with the memoir class. T
o prepare we will now reset all captioning macros and configurations to kernel d
efaults, and then let the caption package take over. Please remember to use
 the caption package interfaces in order to
 configure your captions.

(/usr/share/texmf-dist/tex/latex/caption/caption.sty
Package: caption 2016/02/21 v3.3-144 Customizing captions (AR)

(/usr/share/texmf-dist/tex/latex/caption/caption3.sty
Package: caption3 2016/05/22 v1.7-166 caption3 kernel (AR)
Package caption3 Info: TeX engine: e-TeX on input line 67.
\captionmargin=\dimen275
\captionmargin@=\dimen276
\captionwidth=\dimen277
\caption@tempdima=\dimen278
\caption@indent=\dimen279
\caption@parindent=\dimen280
\caption@hangindent=\dimen281
)
\c@ContinuedFloat=\count335
Package caption Info: wrapfig package is loaded.
)
(/usr/share/texmf-dist/tex/latex/textpos/textpos.sty
Package: textpos 2016/06/07 v1.8

Package: textpos 2016/06/07 1.8, absolute positioning of text on the page
\TP@textbox=\box52
\TPHorizModule=\dimen282
\TPVertModule=\dimen283
\TP@margin=\dimen284
\TP@absmargin=\dimen285
Grid set 16 x 16 = 23.11786pt x 37.34424pt
\TPboxrulesize=\dimen286
\TP@tbargs=\toks34
\TP@prevdepth=\dimen287
) (/usr/share/texmf-dist/tex/latex/sttools/floatpag.sty
Package: floatpag 2012/05/29 v1.1 Different pagestyles on float pages
Package: floatpag 1999/04/29 FLOAT PAGESTYLE
)
(/usr/share/texmf-dist/tex/latex/morefloats/morefloats.sty
Package: morefloats 2015/07/22 v1.0h Raise limit of unprocessed floats (HMM)

(/usr/share/texmf-dist/tex/latex/oberdiek/kvoptions.sty
Package: kvoptions 2016/05/16 v3.12 Key value format for package options (HO)

(/usr/share/texmf-dist/tex/generic/oberdiek/ltxcmds.sty
Package: ltxcmds 2016/05/16 v1.23 LaTeX kernel commands for general use (HO)
)
(/usr/share/texmf-dist/tex/generic/oberdiek/kvsetkeys.sty
Package: kvsetkeys 2016/05/16 v1.17 Key value parser (HO)

(/usr/share/texmf-dist/tex/generic/oberdiek/infwarerr.sty
Package: infwarerr 2016/05/16 v1.4 Providing info/warning/error messages (HO)
)
(/usr/share/texmf-dist/tex/generic/oberdiek/etexcmds.sty
Package: etexcmds 2016/05/16 v1.6 Avoid name clashes with e-TeX commands (HO)
)))
Package morefloats Info: Maximum number of possible floats asked for: 36
(morefloats)             (i.e. 18 more floats).
(morefloats)             LaTeX might run out of memory before this
(morefloats)             (in which case it will notify you).
))
\imageheight=\skip264
\imagewidth=\skip265

(/home/editorial/texmf/tex/hedralogo.sty
Package: hedralogo 27/12/08 v2.0 Editora Hedra (Mantenedor: JS)

(/usr/share/texmf-dist/tex/latex/graphics/color.sty
Package: color 2016/07/10 v1.1e Standard LaTeX Color (DPC)

(/usr/share/texmf-dist/tex/latex/graphics-cfg/color.cfg
File: color.cfg 2016/01/02 v1.6 sample color configuration
)
Package color Info: Driver file: luatex.def on input line 147.
)) (./fichatecnica.sty) (/home/editorial/texmf/tex/aparatos.sty
(/home/editorial/texmf/tex/listingx.sty) (./frontlayout.sty)) (./fronthedra.tex
) (/home/editorial/texmf/tex/tabelas.sty
(/usr/share/texmf-dist/tex/latex/xtab/xtab.sty
Package: xtab 2011/07/31 v2.3f Extended supertabular package
\c@tracingst=\count336
\PWSTcapht=\dimen288
\ST@wd=\dimen289
\ST@rightskip=\skip266
\ST@leftskip=\skip267
\ST@parfillskip=\skip268
\c@PWSTtable=\count337
\PWSTlastpage=\count338
\PWSTpenultimate=\count339
\PWSTcurpage=\count340
\PWSTtempc=\count341
\PWSTlines=\count342
\PWST@lastht=\dimen290
\PWST@generalht=\dimen291
\PWST@ht=\dimen292
\ST@pageleft=\dimen293
\ST@headht=\dimen294
\ST@tailht=\dimen295
\ST@pagesofar=\dimen296
\ST@pboxht=\dimen297
\ST@lineht=\dimen298
\ST@stretchht=\dimen299
\ST@prevht=\dimen300
\ST@toadd=\dimen301
\ST@dimen=\dimen302
\ST@pbox=\box53
)
(/usr/share/texmf-dist/tex/latex/enumitem/enumitem.sty
Package: enumitem 2011/09/28 v3.5.2 Customized lists
\labelindent=\skip269
\enit@outerparindent=\dimen303
\enit@toks=\toks35
\enit@inbox=\box54
\enitdp@description=\count343
)
(/usr/share/texmf-dist/tex/latex/ctable/ctable.sty
Package: ctable 2015/10/17 v1.31 ctable package for flexible typesetting of tabl
e and figure floats using key/value directives

(/usr/share/texmf-dist/tex/latex/xcolor/xcolor.sty
Package: xcolor 2016/05/11 v2.12 LaTeX color extensions (UK)

(/usr/share/texmf-dist/tex/latex/graphics-cfg/color.cfg
File: color.cfg 2016/01/02 v1.6 sample color configuration
)
Package xcolor Info: Driver file: luatex.def on input line 225.
LaTeX Info: Redefining \color on input line 709.
Package xcolor Info: Model `cmy' substituted by `cmy0' on input line 1348.
Package xcolor Info: Model `hsb' substituted by `rgb' on input line 1352.
Package xcolor Info: Model `RGB' extended on input line 1364.
Package xcolor Info: Model `HTML' substituted by `rgb' on input line 1366.
Package xcolor Info: Model `Hsb' substituted by `hsb' on input line 1367.
Package xcolor Info: Model `tHsb' substituted by `hsb' on input line 1368.
Package xcolor Info: Model `HSB' substituted by `hsb' on input line 1369.
Package xcolor Info: Model `Gray' substituted by `gray' on input line 1370.
Package xcolor Info: Model `wave' substituted by `hsb' on input line 1371.
)
(/usr/share/texmf-dist/tex/latex/xkeyval/xkeyval.sty
Package: xkeyval 2014/12/03 v2.7a package option processing (HA)

(/usr/share/texmf-dist/tex/generic/xkeyval/xkeyval.tex
(/usr/share/texmf-dist/tex/generic/xkeyval/xkvutils.tex
\XKV@toks=\toks36
\XKV@tempa@toks=\toks37
)
\XKV@depth=\count344
File: xkeyval.tex 2014/12/03 v2.7a key=value parser (HA)
))
(/usr/share/texmf-dist/tex/latex/graphics/rotating.sty
Package: rotating 2016/08/11 v2.16d rotated objects in LaTeX
\c@r@tfl@t=\count345
\rotFPtop=\skip270
\rotFPbot=\skip271
\rot@float@box=\box55
\rot@mess@toks=\toks38
)
(/usr/share/texmf-dist/tex/latex/oberdiek/transparent.sty
Package: transparent 2016/05/16 v1.1 Transparency via pdfTeX's color stack (HO)

(/usr/share/texmf-dist/tex/latex/oberdiek/auxhook.sty
Package: auxhook 2016/05/16 v1.4 Hooks for auxiliary files (HO)
))
\@CTframesep=\dimen304
\@dfltCTframesep=\dimen305
\@CTframerule=\dimen306
\@dfltCTframerule=\dimen307
\@CTwidth=\dimen308
\@dfltCTwidth=\dimen309
\@CTcaptionskip=\dimen310
\@dfltCTcaptionskip=\dimen311
\@CTmaxwidth=\dimen312
\@dfltCTmaxwidth=\dimen313
\@CTmincapwidth=\dimen314
\@dfltCTmincapwidth=\dimen315
\@CTfooterwidth=\dimen316
\@dfltCTfooterwidth=\dimen317
\@CTw=\dimen318
\@CTfloatwidth=\dimen319
\@CToldsep=\dimen320
\@CToldrule=\dimen321
\CT@t=\box56
\@CTcurftwidth=\dimen322
))
(/home/editorial/texmf/tex/versos.sty) (./gitrevisioninfo.sty)
(/home/editorial/texmf/tex/endnotes.sty
\c@endnote=\count346
\endnotesep=\dimen323
\@enotes=\write5
) (./hedraindex.sty
(/usr/share/texmf-dist/tex/latex/tools/multicol.sty
Package: multicol 2017/04/11 v1.8q multicolumn formatting (FMi)
\c@tracingmulticols=\count347
\mult@box=\box57
\multicol@leftmargin=\dimen324
\c@unbalance=\count348
\c@collectmore=\count349
\doublecol@number=\count350
\multicoltolerance=\count351
\multicolpretolerance=\count352
\full@width=\dimen325
\page@free=\dimen326
\premulticols=\dimen327
\postmulticols=\dimen328
\multicolsep=\skip272
\multicolbaselineskip=\skip273
\partial@page=\box58
\last@line=\box59
\maxbalancingoverflow=\dimen329
\mult@rightbox=\box60
\mult@grightbox=\box61
\mult@gfirstbox=\box62
\mult@firstbox=\box63
\@tempa=\box64
\@tempa=\box65
\@tempa=\box66
\@tempa=\box67
\@tempa=\box68
\@tempa=\box69
\@tempa=\box70
\@tempa=\box71
\@tempa=\box72
\@tempa=\box73
\@tempa=\box74
\@tempa=\box75
\@tempa=\box76
\@tempa=\box77
\@tempa=\box78
\@tempa=\box79
\@tempa=\box80
\c@columnbadness=\count353
\c@finalcolumnbadness=\count354
\last@try=\dimen330
\multicolovershoot=\dimen331
\multicolundershoot=\dimen332
\mult@nat@firstbox=\box81
\colbreak@box=\box82
\mc@col@check@num=\count355
))
\LIVRO@idxfile=\write6

\openout6 = LIVRO.idx

Writing index file LIVRO.idx 
luaotfload | db : Reload initiated (formats: otf,ttf,ttc); reason: "Font Formula
r-Regular not found.".(load luc: /home/editorial/.texlive/texmf-var/luatex-cache
/generic/fonts/otl/formular-regular.luc)
\g__fontspec_family_Formular-Regular_int=\count356
(load luc: /home/editorial/.texlive/texmf-var/luatex-cache/generic/fonts/otl/for
mular-bold.luc)
.................................................
. fontspec info: "no-font-shape"
. 
. Could not resolve font "Formular-Bold.otf/I" (it probably doesn't exist).
.................................................
.................................................
. fontspec info: "no-font-shape"
. 
. Could not resolve font "Formular-Regular/BI" (it probably doesn't exist).
.................................................
.................................................
. fontspec info: "no-font-shape"
. 
. Could not resolve font "Formular-Regular/I" (it probably doesn't exist).
.................................................
luaotfload | aux : font no 38 (nil) does not define feature smcp for script latn
 with language dflt
luaotfload | aux : no font with id 38
luaotfload | aux : font no 39 (nil) does not define feature smcp for script latn
 with language dflt
luaotfload | aux : no font with id 39
.................................................
. fontspec info: "defining-font"
. 
. Font family 'Formular-Regular(0)' created for font 'Formular-Regular' with
. options [BoldFont = Formular-Bold.otf].
.  
.  This font family consists of the following NFSS series/shapes:
.  
. - 'normal' (m/n) with NFSS spec.:
. <->"Formular-Regular:mode=node;script=latn;language=DFLT;"
. - 'small caps'  (m/sc) with NFSS spec.: 
. - 'bold' (bx/n) with NFSS spec.:
. <->"Formular-Bold.otf:mode=node;script=latn;language=DFLT;"
. - 'bold small caps'  (bx/sc) with NFSS spec.: 
.................................................

(/usr/share/texmf-dist/tex/latex/tools/afterpage.sty
Package: afterpage 2014/10/28 v1.08 After-Page Package (DPC)
\AP@output=\toks39
\AP@partial=\box83
\AP@footins=\box84
)
(/home/editorial/texmf/tex/commands.sty) (./LIVRO.aux (./INPUTS.aux)
(./PUBLICIDADE.aux))
\openout1 = LIVRO.aux

LaTeX Font Info:    Checking defaults for OML/cmm/m/it on input line 159.
LaTeX Font Info:    ... okay on input line 159.
LaTeX Font Info:    Checking defaults for T1/cmr/m/n on input line 159.
LaTeX Font Info:    ... okay on input line 159.
LaTeX Font Info:    Checking defaults for OT1/cmr/m/n on input line 159.
LaTeX Font Info:    ... okay on input line 159.
LaTeX Font Info:    Checking defaults for OMS/cmsy/m/n on input line 159.
LaTeX Font Info:    ... okay on input line 159.
LaTeX Font Info:    Checking defaults for TU/lmr/m/n on input line 159.
LaTeX Font Info:    ... okay on input line 159.
LaTeX Font Info:    Checking defaults for OMX/cmex/m/n on input line 159.
LaTeX Font Info:    ... okay on input line 159.
LaTeX Font Info:    Checking defaults for U/cmr/m/n on input line 159.
LaTeX Font Info:    ... okay on input line 159.
LaTeX Font Info:    Checking defaults for LGR/cmr/m/n on input line 159.
LaTeX Font Info:    Try loading font information for LGR+cmr on input line 159.
 (/usr/share/texmf-dist/tex/latex/cbfonts-fd/lgrcmr.fd
File: lgrcmr.fd 2017/07/29 v1.2 Greek European Computer Regular
)
LaTeX Font Info:    ... okay on input line 159.
LaTeX Font Info:    Checking defaults for TS1/cmr/m/n on input line 159.
LaTeX Font Info:    Try loading font information for TS1+cmr on input line 159.

(/usr/share/texmf-dist/tex/latex/base/ts1cmr.fd
File: ts1cmr.fd 2014/09/29 v2.5h Standard LaTeX font definitions
)
LaTeX Font Info:    ... okay on input line 159.
LaTeX Info: Redefining \dots on input line 159.
LaTeX Info: Redefining \up on input line 159.
Inserting `frenchb.french_punctuation' at position 1 in `kerning'.
LaTeX Info: Redefining \microtypecontext on input line 159.
Package microtype Info: Generating PDF output.
Package microtype Info: Character protrusion enabled (level 2).
Package microtype Info: Using default protrusion set `alltext'.
Package microtype Info: Automatic font expansion enabled (level 2),
(microtype)             stretch: 20, shrink: 20, step: 1, non-selected.
Package microtype Info: Using default expansion set `basictext'.
Package microtype Info: No adjustment of tracking.
Package microtype Info: No adjustment of spacing.
Package microtype Info: No adjustment of kerning.
Package microtype Info: Loading generic protrusion settings for font family
(microtype)             `LinuxLibertineO' (encoding: TU).
(microtype)             For optimal results, create family-specific settings.
(microtype)             See the microtype manual for details.
.................................................
. fontspec info: "setup-math"
. 
. Adjusting the maths setup (use [no-math] to avoid this).
.................................................
\symlegacymaths=\mathgroup7
LaTeX Font Info:    Overwriting symbol font `legacymaths' in version `bold'
(Font)                  OT1/cmr/m/n --> OT1/cmr/bx/n on input line 159.
LaTeX Font Info:    Redeclaring math accent \acute on input line 159.
LaTeX Font Info:    Redeclaring math accent \grave on input line 159.
LaTeX Font Info:    Redeclaring math accent \ddot on input line 159.
LaTeX Font Info:    Redeclaring math accent \tilde on input line 159.
LaTeX Font Info:    Redeclaring math accent \bar on input line 159.
LaTeX Font Info:    Redeclaring math accent \breve on input line 159.
LaTeX Font Info:    Redeclaring math accent \check on input line 159.
LaTeX Font Info:    Redeclaring math accent \hat on input line 159.
LaTeX Font Info:    Redeclaring math accent \dot on input line 159.
LaTeX Font Info:    Redeclaring math accent \mathring on input line 159.
LaTeX Font Info:    Redeclaring math symbol \colon on input line 159.
LaTeX Font Info:    Redeclaring math symbol \Gamma on input line 159.
LaTeX Font Info:    Redeclaring math symbol \Delta on input line 159.
LaTeX Font Info:    Redeclaring math symbol \Theta on input line 159.
LaTeX Font Info:    Redeclaring math symbol \Lambda on input line 159.
LaTeX Font Info:    Redeclaring math symbol \Xi on input line 159.
LaTeX Font Info:    Redeclaring math symbol \Pi on input line 159.
LaTeX Font Info:    Redeclaring math symbol \Sigma on input line 159.
LaTeX Font Info:    Redeclaring math symbol \Upsilon on input line 159.
LaTeX Font Info:    Redeclaring math symbol \Phi on input line 159.
LaTeX Font Info:    Redeclaring math symbol \Psi on input line 159.
LaTeX Font Info:    Redeclaring math symbol \Omega on input line 159.
LaTeX Font Info:    Redeclaring math symbol \mathdollar on input line 159.
LaTeX Font Info:    Redeclaring symbol font `operators' on input line 159.
LaTeX Font Info:    Encoding `OT1' has changed to `TU' for symbol font
(Font)              `operators' in the math version `normal' on input line 159.
LaTeX Font Info:    Overwriting symbol font `operators' in version `normal'
(Font)                  OT1/cmr/m/n --> TU/LinuxLibertineO(0)/m/n on input line 
159.
LaTeX Font Info:    Encoding `OT1' has changed to `TU' for symbol font
(Font)              `operators' in the math version `bold' on input line 159.
LaTeX Font Info:    Overwriting symbol font `operators' in version `bold'
(Font)                  OT1/cmr/bx/n --> TU/LinuxLibertineO(0)/m/n on input line
 159.
LaTeX Font Info:    Overwriting symbol font `operators' in version `normal'
(Font)                  TU/LinuxLibertineO(0)/m/n --> TU/LinuxLibertineO(0)/m/n 
on input line 159.
LaTeX Font Info:    Overwriting math alphabet `\mathit' in version `normal'
(Font)                  OT1/cmr/m/it --> TU/LinuxLibertineO(0)/m/it on input lin
e 159.
LaTeX Font Info:    Overwriting math alphabet `\mathbf' in version `normal'
(Font)                  OT1/cmr/bx/n --> TU/LinuxLibertineO(0)/bx/n on input lin
e 159.
LaTeX Font Info:    Overwriting math alphabet `\mathsf' in version `normal'
(Font)                  OT1/cmss/m/n --> TU/lmss/m/n on input line 159.
LaTeX Font Info:    Overwriting math alphabet `\mathtt' in version `normal'
(Font)                  OT1/cmtt/m/n --> TU/lmtt/m/n on input line 159.
LaTeX Font Info:    Overwriting symbol font `operators' in version `bold'
(Font)                  TU/LinuxLibertineO(0)/m/n --> TU/LinuxLibertineO(0)/bx/n
 on input line 159.
LaTeX Font Info:    Overwriting math alphabet `\mathit' in version `bold'
(Font)                  OT1/cmr/bx/it --> TU/LinuxLibertineO(0)/bx/it on input l
ine 159.
LaTeX Font Info:    Overwriting math alphabet `\mathsf' in version `bold'
(Font)                  OT1/cmss/bx/n --> TU/lmss/bx/n on input line 159.
LaTeX Font Info:    Overwriting math alphabet `\mathtt' in version `bold'
(Font)                  OT1/cmtt/m/n --> TU/lmtt/bx/n on input line 159.

(/usr/share/texmf-dist/tex/context/base/mkii/supp-pdf.mkii
[Loading MPS to PDF converter (version 2006.09.02).]
\scratchcounter=\count357
\scratchdimen=\dimen333
\scratchbox=\box85
\nofMPsegments=\count358
\nofMParguments=\count359
\everyMPshowfont=\toks40
\MPscratchCnt=\count360
\MPscratchDim=\dimen334
\MPnumerator=\count361
\makeMPintoPDFobject=\count362
\everyMPtoPDFconversion=\toks41
) (/usr/share/texmf-dist/tex/latex/oberdiek/epstopdf-base.sty
Package: epstopdf-base 2016/05/15 v2.6 Base part for package epstopdf

(/usr/share/texmf-dist/tex/latex/oberdiek/grfext.sty
Package: grfext 2016/05/16 v1.2 Manage graphics extensions (HO)

(/usr/share/texmf-dist/tex/generic/oberdiek/kvdefinekeys.sty
Package: kvdefinekeys 2016/05/16 v1.4 Define keys (HO)
))
(/usr/share/texmf-dist/tex/generic/oberdiek/pdftexcmds.sty
Package: pdftexcmds 2017/03/19 v0.25 Utility functions of pdfTeX for LuaTeX (HO)

Package pdftexcmds Info: \pdf@primitive is available.
Package pdftexcmds Info: \pdf@ifprimitive is available.
Package pdftexcmds Info: \pdfdraftmode found.
\pdftexcmds@toks=\toks42
)
Package epstopdf-base Info: Redefining graphics rule for `.eps' on input line 43
8.
Package grfext Info: Graphics extension search list:
(grfext)             [.pdf,.png,.jpg,.mps,.jpeg,.jbig2,.jb2,.PDF,.PNG,.JPG,.JPEG
,.JBIG2,.JB2 ,.eps]
(grfext)             \AppendGraphicsExtensions on input line 456.

(/usr/share/texmf-dist/tex/latex/latexconfig/epstopdf-sys.cfg
File: epstopdf-sys.cfg 2010/07/13 v1.3 Configuration of (r)epstopdf for TeX Live

))
Package lastpage Info: Please have a look at the pageslts package at
(lastpage)             https://www.ctan.org/pkg/pageslts
(lastpage)             ! on input line 159.
Package caption Info: Begin \AtBeginDocument code.
Package caption Info: rotating package is loaded.
Package caption Info: xtab package is loaded.
Package caption Info: End \AtBeginDocument code.
Package microtype Info: Loading generic protrusion settings for font family
(microtype)             `Formular-Regular' (encoding: TU).
(microtype)             For optimal results, create family-specific settings.
(microtype)             See the microtype manual for details.


LaTeX Font Warning: Font shape `TU/Formular-Regular(0)/m/it' undefined
(Font)              using `TU/Formular-Regular(0)/m/n' instead on input line 159
.

[1{/var/lib/texmf/fonts/map/pdftex/updmap/pdftex.map}

]
LaTeX Font Info:    External font `cmex10' loaded for size
(Font)              <8> on input line 159.
LaTeX Font Info:    External font `cmex10' loaded for size
(Font)              <6> on input line 159.
LaTeX Font Info:    External font `cmex10' loaded for size
(Font)              <5> on input line 159.

(/usr/share/texmf-dist/tex/latex/microtype/mt-cmr.cfg
File: mt-cmr.cfg 2013/05/19 v2.2 microtype config. file: Computer Modern Roman (
RS)
)
(/home/editorial/texmf/tex/frontconselho.tex) [2

] [3] (./PRETAS.tex) [4

]
(./LIVRO.toc [5]
Underfull \hbox (badness 1097) in paragraph at lines 10--10
[]|\TU/LinuxLibertineO(0)/m/n/10.95 ``De nada além do cé-re-bro vêm ale-gria
s, pra-ze-res e 
 []

[6] [7]) [8]
\openout2 = INPUTS.aux
 (./INPUTS.tex (./ORIGINAL.tex [9



] [10

] [11] [12]
LaTeX Font Info:    External font `cmex10' loaded for size
(Font)              <12> on input line 242.
 [13

] [14]
[15] [16] [17] [18] [19] [20] [21] [22] [23] [24] [25] [26] [27] [28] [29]
[30] [31

] [32] [33

] [34] [35] [36] [37] [38] [39] [40] [41] [42] [43] [44]
[45] [46] [47

] [48] [49] [50] [51] [52] [53] [54] [55] [56

] [57] [58] [59]
[60] [61] [62] [63

] [64] [65] [66] [67] [68] [69] [70] [71

] [72] [73] [74]
[75] [76] [77] [78

] [79] [80] [81] [82] [83] [84] [85] [86] [87

] [88] [89

]
[90] [91] [92] [93] [94] [95

] [96] [97] [98] [99] [100] [101

] [102] [103]
[104] [105

] [106] [107] [108] [109] [110] [111] [112] [113] [114] [115

]
[116] [117

] [118] [119] [120] [121] [122] [123] [124] [125

] [126] [127]
[128] [129] [130

] [131] [132] [133] [134] [135]
LaTeX Font Info:    External font `cmex10' loaded for size
(Font)              <10.95> on input line 2965.
 [136] [137] [138] [139]
[140] [141

] [142] [143] [144] [145] [146] [147] [148] [149] [150] [151]
[152] [153] [154

] [155] [156] [157] [158] [159] [160] [161] [162] [163]
[164] [165] [166] [167] [168

] [169] [170] [171] [172] [173

] [174] [175]
[176] [177] [178

] [179] [180] [181] [182] [183] [184] [185

] [186] [187]
[188] [189] [190] [191] [192

] [193] [194] [195] [196] [197] [198]
Underfull \hbox (badness 1142) in paragraph at lines 4337--4351
\TU/LinuxLibertineO(0)/m/n/12 sen-ta-ti-vos. Ve-ja-mos ou-tro jus-ta-mente des-
crito como
 []

[199

] [200] [201] [202] [203] [204] [205] [206] [207

] [208] [209] [210]
[211] [212

] [213] [214] [215] [216] [217] [218] [219] [220] [221] [222]
[223] [224

] [225] [226] [227] [228] [229] [230] [231] [232] [233] [234]
[235] [236] [237] [238] [239] [240

] [241] [242] [243] [244] [245] [246]
[247] [248] [249] [250] [251] [252] [253] [254] [255] [256] [257] [258

]
[259] [260] [261

] [262] [263

] [264] [265] [266] [267

] [268] [269] [270]
[271

] [272] [273] [274] [275

] [276] [277] [278] [279

] [280] [281] [282]
[283] [284] [285] [286] [287

] [288] [289] [290

] [291] [292] [293] [294]
[295] [296]
Underfull \hbox (badness 1661) in paragraph at lines 6388--6406
\TU/LinuxLibertineO(0)/m/n/12 nem con-tra-di-zem ex-pli-ca-ções neu-ro-bi-o-l
ó-gi-cas (Du-mit,
 []

[297] [298] [299

] [300] [301] [302] [303] [304] [305

] [306] [307] [308]
[309] [310] [311

] [312] [313] [314] [315] [316] [317] [318] [319] [320]
[321] [322

] [323] [324] [325] [326] [327] [328] [329] [330] [331] [332]
[333

] [334] [335

] [336] [337] [338] [339] [340] [341]
Overfull \hbox (24.91556pt too wide) in paragraph at lines 7393--7413
\TU/LinuxLibertineO(0)/m/n/12 vismo, nem to-dos os adul-tos au-tis-tas apoiam a
 neurodiversidade$[][]$.
 []

[342] [343] [344] [345

] [346] [347] [348

] [349] [350] [351] [352] [353]
[354] [355] [356] [357

] [358] [359] [360] [361] [362] [363] [364] [365]
[366] [367] [368

] [369] [370] [371] [372] [373] [374] [375

] [376] [377

]
[378] [379] [380] [381

] [382] [383] [384] [385] [386] [387

] [388] [389]
[390] [391] [392] [393] [394

] [395] [396] [397] [398] [399] [400] [401

]
[402] [403] [404

] [405] [406] [407] [408] [409] [410] [411] [412

] [413]
[414

] [415] [416] [417] [418] [419

] [420] [421] [422] [423

] [424] [425]
[426] [427] [428] [429] [430] [431] [432] [433] [434

] [435] [436] [437

]
[438] [439] [440] [441

] [442] [443] [444] [445] [446] [447] [448] [449]
[450] [451

] [452] [453] [454] [455] [456] [457] [458] [459

] [460] [461]
Overfull \hbox (37.94821pt too wide) in paragraph at lines 9989--9991
[]\TU/LinuxLibertineO(0)/m/n/12 6 -- http://www.neu-ro-sur-gery.org/cy-ber-mu-s
eum/pre20th/epapy-
 []

[462]
Underfull \hbox (badness 10000) in paragraph at lines 10014--10019
\TU/LinuxLibertineO(0)/m/n/12 <\TU/LinuxLibertineO(0)/m/it/12 http://www.sen-se
-a-bouts-ci-ence.org/re-sour-ces.php/55/sense-
 []

[463] [464] [465]
Overfull \hbox (39.76826pt too wide) in paragraph at lines 10104--10106
\TU/LinuxLibertineO(0)/m/n/12 release-archive/-/asset_publisher/a2jEGMiFHPhv/co
ntent/cracking-
 []

[466] [467]
Underfull \hbox (badness 5652) in paragraph at lines 10148--10150
[]\TU/LinuxLibertineO(0)/m/n/12 2 -- P.e., http://www.who.int/me-di-a-cen-tre/f
actshe-
 []


Overfull \hbox (20.39854pt too wide) in paragraph at lines 10154--10156
[]\TU/LinuxLibertineO(0)/m/n/12 4 -- http://www.nimh.nih.gov/research-prioritie
s/rdoc/nimh-
 []


Underfull \hbox (badness 2261) in paragraph at lines 10171--10178
[]\TU/LinuxLibertineO(0)/m/n/12 7 -- Amanda Baggs, que fala por in-ter-mé-dio 
de
 []


Underfull \hbox (badness 1097) in paragraph at lines 10171--10178
\TU/LinuxLibertineO(0)/m/n/12 um sin-te-ti-za-dor de voz, se tor-nou uma das ma
is co-
 []


Underfull \hbox (badness 2142) in paragraph at lines 10171--10178
\TU/LinuxLibertineO(0)/m/n/12 nhe-ci-das ati-vis-tas au-tis-tas após di-vul-ga
r, em ja-neiro
 []

[468]
Overfull \hbox (24.5581pt too wide) in paragraph at lines 10179--10182
[]\TU/LinuxLibertineO(0)/m/n/12 8 -- Ver <\TU/LinuxLibertineO(0)/m/it/12 http:/
/www.neu-ro-di-ver-sity.co-mand\TU/LinuxLibertineO(0)/m/n/12 > e <\TU/LinuxLibe
rtineO(0)/m/it/12 http://www.as-
 []


Underfull \hbox (badness 4403) in paragraph at lines 10192--10195
[]\TU/LinuxLibertineO(0)/m/n/12 11 -- http://www.naar.org/naar.asp; <\TU/LinuxL
ibertineO(0)/m/it/12 http://web.ar-
 []


Overfull \hbox (14.27939pt too wide) in paragraph at lines 10192--10195
\TU/LinuxLibertineO(0)/m/it/12 chive.org/web/20040927074818/http://www.cu-re-au
-tism-now.org/\TU/LinuxLibertineO(0)/m/n/12 >.
 []


Underfull \hbox (badness 10000) in paragraph at lines 10204--10208
\TU/LinuxLibertineO(0)/m/it/12 tism-na-tu-ral-va-ri-a-tion.blogs-pot.com.es/200
9/03/nevertheless-
 []

[469]
Underfull \hbox (badness 10000) in paragraph at lines 10211--10215
\TU/LinuxLibertineO(0)/m/it/12 chive.org/web/20070202083611/http://au-tis-tic-c
ul-ture.com/\TU/LinuxLibertineO(0)/m/n/12 >
 []


Underfull \hbox (badness 2529) in paragraph at lines 10216--10217
[]\TU/LinuxLibertineO(0)/m/n/12 18 -- Ver <\TU/LinuxLibertineO(0)/m/it/12 http:
//en.wi-ki-pe-dia.org/wiki/Au-tis-tic-Pri-de-
 []


Overfull \hbox (23.10428pt too wide) in paragraph at lines 10233--10234
[]\TU/LinuxLibertineO(0)/m/n/12 24 -- http://wrong-pla-net.net/fo-rums/vi-ew-to
-pic.php?t=184314. 
 []


Underfull \hbox (badness 10000) in paragraph at lines 10235--10237
[]\TU/LinuxLibertineO(0)/m/n/12 25 -- <\TU/LinuxLibertineO(0)/m/it/12 http://ww
w.as-pi-es-for-fre-e-dom.com/ar-chive/in-
 []


Underfull \hbox (badness 10000) in paragraph at lines 10240--10242
\TU/LinuxLibertineO(0)/m/n/12 <\TU/LinuxLibertineO(0)/m/it/12 http://do-ra-ray-
ma-ker.com/wp/change/?p=3853\TU/LinuxLibertineO(0)/m/n/12 > (ên-fase
 []

[470]
Overfull \hbox (49.3306pt too wide) in paragraph at lines 10243--10244
[]\TU/LinuxLibertineO(0)/m/n/12 28 - <\TU/LinuxLibertineO(0)/m/it/12 http://www
.as-pi-es-for-fre-e-dom.com/showth-read.php?tid=11062\TU/LinuxLibertineO(0)/m/n
/12 >. 
 []


Overfull \hbox (8.03877pt too wide) in paragraph at lines 10245--10247
[]\TU/LinuxLibertineO(0)/m/n/12 29 - ``Frag-mento'' do site de Jane Meyer-ding,
 <\TU/LinuxLibertineO(0)/m/it/12 http://web.ar-
 []


Overfull \hbox (2.45338pt too wide) in paragraph at lines 10245--10247
\TU/LinuxLibertineO(0)/m/it/12 chive.org/web/20050205082305/http://mjane.zo-law
eb.com/snip-
 []


Overfull \hbox (3.39043pt too wide) in paragraph at lines 10248--10250
\TU/LinuxLibertineO(0)/m/n/12 committee-dont-reduce-the-criteria-or-an-autism-s
pectrum-
 []


Overfull \hbox (51.8002pt too wide) in paragraph at lines 10251--10252
[]\TU/LinuxLibertineO(0)/m/n/12 31 -- <\TU/LinuxLibertineO(0)/m/it/12 http://ww
w.as-pi-es-for-fre-e-dom.com/showth-read.php?tid=11062\TU/LinuxLibertineO(0)/m/
n/12 >. 
 []

[471]
Underfull \hbox (badness 1308) in paragraph at lines 10274--10277
[]\TU/LinuxLibertineO(0)/m/n/12 2 -- ``Can ‘Neuro Lit Crit’ Save the Hu-ma-
ni-ties?''
 []


Underfull \hbox (badness 10000) in paragraph at lines 10274--10277
\TU/LinuxLibertineO(0)/m/it/12 bate.blogs.ny-ti-mes.com/2010/04/05/can-neuro-li
t-crit-save-
 []


Underfull \hbox (badness 3000) in paragraph at lines 10278--10281
[]\TU/LinuxLibertineO(0)/m/n/12 3 -- Re-se-nha de \TU/LinuxLibertineO(0)/m/it/1
2 Fran-kens-tein \TU/LinuxLibertineO(0)/m/n/12 pelo \TU/LinuxLibertineO(0)/m/it
/12 New York Ti-
 []


Overfull \hbox (1.24095pt too wide) in paragraph at lines 10278--10281
\TU/LinuxLibertineO(0)/m/n/12 <\TU/LinuxLibertineO(0)/m/it/12 http://www.tabula
-rasa.info/Hor-ror/Fran-kens-tein-Fi-les.html\TU/LinuxLibertineO(0)/m/n/12 >. 
 []


Underfull \hbox (badness 5893) in paragraph at lines 10297--10302
[]\TU/LinuxLibertineO(0)/m/n/12 2 -- De-cla-ra-ção do des-ta-cado neu-ro-ci-e
n-tista es-
 []


Underfull \hbox (badness 10000) in paragraph at lines 10297--10302
\TU/LinuxLibertineO(0)/m/n/12 pa-nhol Ma-nuel Mar-tin-Lo-e-ches <\TU/LinuxLiber
tineO(0)/m/it/12 http://www.ten-den-
 []


Underfull \hbox (badness 10000) in paragraph at lines 10297--10302
\TU/LinuxLibertineO(0)/m/it/12 cias21.net/Martin-Loeches-Todo-absolutamente-tod
o-esta-
 []

[472] [473] [474

] [475] [476]
Underfull \hbox (badness 10000) in paragraph at lines 10377--10380
\TU/LinuxLibertineO(0)/m/it/12 oks.com/ar-ti-cles/ar-chi-ves/2011/jun/23/epi-de
-mic-men-tal-ill-
 []

[477] [478]
Underfull \hbox (badness 2582) in paragraph at lines 10444--10447
\TU/LinuxLibertineO(0)/m/n/12 Ef-fec-ti-ve-ness of An-ti-de-pres-sants.'' \TU/L
inuxLibertineO(0)/m/it/12 Psy-chi-a-tric Ti-mes\TU/LinuxLibertineO(0)/m/n/12 .
 []


Overfull \hbox (22.4118pt too wide) in paragraph at lines 10444--10447
\TU/LinuxLibertineO(0)/m/n/12 <\TU/LinuxLibertineO(0)/m/it/12 http://www.psy-ch
i-a-tric-ti-mes.com/psy-chophar-ma-co-logy/assessing-
 []

[479] [480]
Underfull \hbox (badness 1424) in paragraph at lines 10501--10504
[]\TU/LinuxLibertineO(0)/m/n/12 Be-gley, Sha-ron. 2010. ``West Brain, East Brai
n.
 []


Underfull \hbox (badness 4441) in paragraph at lines 10501--10504
\TU/LinuxLibertineO(0)/m/n/12 What a Dif-fe-rence Cul-ture Ma-kes.'' <\TU/Linux
LibertineO(0)/m/it/12 http://web.ar-
 []


Overfull \hbox (125.4889pt too wide) in paragraph at lines 10501--10504
\TU/LinuxLibertineO(0)/m/it/12 chive.org/web/20120311141118/http://www.the-dail
y-be-ast.com/newsweek/2010/02/17/west-
 []


Overfull \hbox (124.06465pt too wide) in paragraph at lines 10516--10519
\TU/LinuxLibertineO(0)/m/it/12 mes.com/gst/full-page.html?sec=he-alth&res=9E0DE
ED71E31F934A15751C1A9609C8B63\TU/LinuxLibertineO(0)/m/n/12 >. 
 []

[481]
Overfull \hbox (58.81429pt too wide) in paragraph at lines 10524--10529
\TU/LinuxLibertineO(0)/m/n/12 Ins-ti-tuto Pi-a-get, 2006. <\TU/LinuxLibertineO(
0)/m/it/12 https://pt.scribd.com/doc/200978628/Fundamentos-
 []

[482] [483]
Underfull \hbox (badness 1365) in paragraph at lines 10594--10597
\TU/LinuxLibertineO(0)/m/n/12 and Its Pro-found Ef-fects.'' \TU/LinuxLibertineO
(0)/m/it/12 New York Ti-mes \TU/LinuxLibertineO(0)/m/n/12 (6 Fe-ve-
 []


Underfull \hbox (badness 10000) in paragraph at lines 10613--10616
\TU/LinuxLibertineO(0)/m/it/12 si-ness/autistics-freed-from-face-to-face-encoun
ters-are-
 []

[484] [485] [486] [487] [488]
Overfull \hbox (0.12927pt too wide) in paragraph at lines 10779--10782
\TU/LinuxLibertineO(0)/m/it/12 dian.com/sci-ence/2016/jan/07/therapy-wars-reven
ge-of-freud-
 []

[489]
Underfull \hbox (badness 1019) in paragraph at lines 10798--10801
[]\TU/LinuxLibertineO(0)/m/n/12 Byatt, An-to-nia S. 2006a. ``Ob-serve the Neu-r
o-nes.
 []


Underfull \hbox (badness 1127) in paragraph at lines 10798--10801
\TU/LinuxLibertineO(0)/m/n/12 Between, Above and Be-low John Donne.'' \TU/Linux
LibertineO(0)/m/it/12 Ti-mes Li-
 []


Underfull \hbox (badness 2726) in paragraph at lines 10798--10801
\TU/LinuxLibertineO(0)/m/it/12 te-rary Sup-ple-ment \TU/LinuxLibertineO(0)/m/n/
12 (22 Se-tem-bro). <\TU/LinuxLibertineO(0)/m/it/12 http://www.the-ti-
 []

[490]
Underfull \hbox (badness 10000) in paragraph at lines 10840--10843
\TU/LinuxLibertineO(0)/m/it/12 ti-mes.com/2005/10/18/he-alth/psy-cho-logy/can-b
rain-scans-
 []


Overfull \hbox (115.05334pt too wide) in paragraph at lines 10840--10843
\TU/LinuxLibertineO(0)/m/it/12 see%20-depression.html\TU/LinuxLibertineO(0)/m/n
/12 http://www.nytimes.com/2005/10/18/health/psychology/can-
 []

[491]
Underfull \hbox (badness 3312) in paragraph at lines 10850--10853
\TU/LinuxLibertineO(0)/m/n/12 bro). <\TU/LinuxLibertineO(0)/m/it/12 http://www.
news-ci-en-tist.com/blogs/shortsharps-ci-
 []


Underfull \hbox (badness 1043) in paragraph at lines 10869--10872
[]\TU/LinuxLibertineO(0)/m/sc/12 \TU/LinuxLibertineO(0)/m/n/12 . 2006.
 ``Re-trai-ning the Brain: Doc-tors Test
 []


Overfull \hbox (20.24463pt too wide) in paragraph at lines 10869--10872
\TU/LinuxLibertineO(0)/m/itsc/12  \TU/LinuxLibertineO(0)/m/it/12 News 
\TU/LinuxLibertineO(0)/m/n/12 (15 Ja-neiro). <\TU/LinuxLibertineO(0)/m/it/12 ht
tp://www.cbs-news.com/news/retraining-
 []

[492] [493]
Underfull \hbox (badness 10000) in paragraph at lines 10920--10924
\TU/LinuxLibertineO(0)/m/it/12 fcass.ca/Se-ar-ch-Re-sults-News/12-06-04/a078cec
a-a41-4d14-
 []

[494] [495] [496] [497]
Underfull \hbox (badness 1215) in paragraph at lines 11045--11048
\TU/LinuxLibertineO(0)/m/it/12 mes \TU/LinuxLibertineO(0)/m/n/12 (1 Abril). <\T
U/LinuxLibertineO(0)/m/it/12 http://www.ny-ti-mes.com/2010/04/01/bo-
 []

[498] [499] [500] [501] [502] [503]
Overfull \hbox (62.37813pt too wide) in paragraph at lines 11258--11260
\TU/LinuxLibertineO(0)/m/n/12 Au-tis-tic Cul-ture.'' <\TU/LinuxLibertineO(0)/m/
it/12 http://web.ar-chive.org/web/20061111053135/http://train-
 []

[504] [505]
Overfull \hbox (31.21976pt too wide) in paragraph at lines 11301--11304
\TU/LinuxLibertineO(0)/m/it/12 Ti-mes Ma-ga-zine \TU/LinuxLibertineO(0)/m/n/12 
(2 Abril). <\TU/LinuxLibertineO(0)/m/it/12 http://www.ny-ti-mes.com/2006/04/02/
ma-
 []

[506] [507] [508] [509] [510] [511] [512] [513] [514] [515] [516]
Underfull \hbox (badness 1082) in paragraph at lines 11682--11686
\TU/LinuxLibertineO(0)/m/n/12 Lec-ture de-li-ve-red at the Third In-ter-na-ti-o
-nal Ara-kawa
 []


Underfull \hbox (badness 2961) in paragraph at lines 11682--11686
\TU/LinuxLibertineO(0)/m/n/12 and Gins: Ar-chi-tec-ture and Phi-lo-sophy Con-fe
-rence.
 []

[517] [518] [519] [520]
Underfull \hbox (badness 1052) in paragraph at lines 11795--11798
[]\TU/LinuxLibertineO(0)/m/n/12 Gold-man, Cor-rie. 2012. ``This Is Your Brain o
n
 []


Overfull \hbox (20.07896pt too wide) in paragraph at lines 11795--11798
\TU/LinuxLibertineO(0)/m/it/12 ford.edu/news/2012/sep-tem-ber/austen-reading-fm
ri-090712.html\TU/LinuxLibertineO(0)/m/n/12 >. 
 []


Underfull \hbox (badness 10000) in paragraph at lines 11799--11802
\TU/LinuxLibertineO(0)/m/n/12 <\TU/LinuxLibertineO(0)/m/it/12 http://www.ny-bo-
oks.com/ar-ti-cles/ar-chi-ves/1990/feb/15/the-
 []

[521] [522] [523] [524] [525] [526] [527] [528] [529]
Overfull \hbox (65.31364pt too wide) in paragraph at lines 12064--12067
\TU/LinuxLibertineO(0)/m/it/12 ga-zin \TU/LinuxLibertineO(0)/m/n/12 (23 Ou-tu-b
ro). <\TU/LinuxLibertineO(0)/m/it/12 http://web.ar-chive.org/web/20101202114243
/http://das-
 []


Underfull \hbox (badness 10000) in paragraph at lines 12091--12094
\TU/LinuxLibertineO(0)/m/it/12 ti-cles.la-ti-mes.com/2013/oct/10/sci-ence/la-sc
i-einstein-brain-
 []

[530] [531]
Overfull \hbox (0.1234pt too wide) in paragraph at lines 12144--12147
\TU/LinuxLibertineO(0)/m/it/12 check/2014/03/11/much-hyped-brain-implant-treatm
ent-for-
 []

[532]
Overfull \hbox (50.74174pt too wide) in paragraph at lines 12171--12174
\TU/LinuxLibertineO(0)/m/n/12 tism.'' \TU/LinuxLibertineO(0)/m/itsc/12 
 \TU/LinuxLibertineO(0)/m/it/12 News He-alth \TU/LinuxLibertineO(0)/m/n/12 (
10 Agosto). <\TU/LinuxLibertineO(0)/m/it/12 http://www.bbc.co.uk/news/health-
 []


Overfull \hbox (14.14378pt too wide) in paragraph at lines 12187--12189
[]\TU/LinuxLibertineO(0)/m/n/12 Hy-man, John. 2006. ``Art and Neu-ros-ci-ence.'
' <\TU/LinuxLibertineO(0)/m/it/12 http://web.ar-
 []


Underfull \hbox (badness 10000) in paragraph at lines 12187--12189
\TU/LinuxLibertineO(0)/m/it/12 chive.org/web/20070309014832/http://www.in-ter-d
is-ci-pli-
 []

[533]
Overfull \hbox (90.82906pt too wide) in paragraph at lines 12222--12224
[]\TU/LinuxLibertineO(0)/m/n/12 ---------. 2013. ``Trans-for-ming Di-ag-no-sis.
'' <\TU/LinuxLibertineO(0)/m/it/12 http://www.nimh.nih.gov/about/di-
 []

[534] [535]
Overfull \hbox (35.62662pt too wide) in paragraph at lines 12265--12267
\TU/LinuxLibertineO(0)/m/n/12 <\TU/LinuxLibertineO(0)/m/it/12 http://www.time.c
om/time/ma-ga-zine/ar-ti-cle/0,9171,957263,00.html\TU/LinuxLibertineO(0)/m/n/12
 >. 
 []


Overfull \hbox (114.8298pt too wide) in paragraph at lines 12268--12271
\TU/LinuxLibertineO(0)/m/n/12 Hu-man Brain Mo-saic.'' \TU/LinuxLibertineO(0)/m/
itsc/12 \TU/LinuxLibertineO(0)/m/it/12 . \TU/LinuxLibertineO(0)/m/n
/12 <\TU/LinuxLibertineO(0)/m/it/12 http://www.pnas.org/cgi/doi/10.1073/pnas.15
09654112\TU/LinuxLibertineO(0)/m/n/12 >. 
 []

[536] [537] [538]
Underfull \hbox (badness 10000) in paragraph at lines 12374--12377
\TU/LinuxLibertineO(0)/m/it/12 land.time.com/2013/06/28/brain-scans-could-becom
e-ekgs-
 []

[539] [540] [541] [542]
Underfull \hbox (badness 2556) in paragraph at lines 12493--12496
[]\TU/LinuxLibertineO(0)/m/n/12 Lage, An-drey. 2006. ``Au-tis-tas usam re-mé-d
ios
 []

[543] [544] [545] [546] [547] [548]
Underfull \hbox (badness 10000) in paragraph at lines 12696--12700
\TU/LinuxLibertineO(0)/m/it/12 ner/2013/05/au-tism_spec-trum_di-ag-no-ses_the_d
sm_5_eli-mi-
 []

[549]
Underfull \hbox (badness 10000) in paragraph at lines 12725--12728
\TU/LinuxLibertineO(0)/m/it/12 ker.com/on-line/blogs/ele-ments/2013/06/the-prob
lem-with-
 []

[550]
Underfull \hbox (badness 10000) in paragraph at lines 12737--12741
\TU/LinuxLibertineO(0)/m/it/12 e-lich.de/Sha-red-Docs/Pres-se-mit-tei-lun-gen/U
K/EN/2015/15-03-
 []

[551]
Overfull \hbox (3.63754pt too wide) in paragraph at lines 12765--12768
\TU/LinuxLibertineO(0)/m/n/12 Eye-Trac-king Study.'' \TU/LinuxLibertineO(0)/m/s
c/12 \TU/LinuxLibertineO(0)/m/n/12 o\TU/LinuxLibertineO(0)/m/sc/12  
 \TU/LinuxLibertineO(0)/m/n/12 7 (5): e37285.doi:10.1371/jour-
 []

[552]
Underfull \hbox (badness 3323) in paragraph at lines 12797--12800
\TU/LinuxLibertineO(0)/m/n/12 the Brain,'' \TU/LinuxLibertineO(0)/m/it/12 The S
ci-en-tist \TU/LinuxLibertineO(0)/m/n/12 (1 Out.). <\TU/LinuxLibertineO(0)/m/it
/12 http://www.the-
 []


Overfull \hbox (12.51567pt too wide) in paragraph at lines 12797--12800
\TU/LinuxLibertineO(0)/m/it/12 scientist.com/?ar-ti-cles.view/ar-ti-cleNo/44096
/ti-tle/Sex-Differences-
 []


Overfull \hbox (8.90775pt too wide) in paragraph at lines 12820--12824
\TU/LinuxLibertineO(0)/m/it/12 ons.org/di-vi-sion39/pu-bli-ca-ti-ons/re-view/20
11/01/psychodynamic-
 []

[553]
Overfull \hbox (21.91112pt too wide) in paragraph at lines 12835--12837
\TU/LinuxLibertineO(0)/m/n/12 in a Post-ge-no-mic Age.'' \TU/LinuxLibertineO(0)
/m/it/12 So-ci-o-logy\TU/LinuxLibertineO(0)/m/n/12 . doi:10.1177/00380385135019
44. 
 []


Underfull \hbox (badness 1253) in paragraph at lines 12849--12852
\TU/LinuxLibertineO(0)/m/it/12 New Yor-ker \TU/LinuxLibertineO(0)/m/n/12 (22 No
v.). <\TU/LinuxLibertineO(0)/m/it/12 http://www.newyor-ker.com/ar-
 []

[554]
Underfull \hbox (badness 2426) in paragraph at lines 12868--12870
[]\TU/LinuxLibertineO(0)/m/n/12 Meyer-ding, Jane. 1998. ``Thoughts on Fin-ding
 []


Underfull \hbox (badness 8019) in paragraph at lines 12868--12870
\TU/LinuxLibertineO(0)/m/n/12 My-self Dif-fe-ren-tly Brai-ned.'' <\TU/LinuxLibe
rtineO(0)/m/it/12 http://www.pla-ne-tau-
 []

[555] [556] [557] [558]
Overfull \hbox (9.34152pt too wide) in paragraph at lines 12997--13000
[]\TU/LinuxLibertineO(0)/m/n/12 Northoff, Ge-org. 2013a. ``Gene, Brains, and En
vironment---
 []

[559]
Underfull \hbox (badness 1286) in paragraph at lines 13034--13037
\TU/LinuxLibertineO(0)/m/n/12 Are: Toward a Mo-ral Neu-ro-po-li-tics.'' \TU/Lin
uxLibertineO(0)/m/sc/12 \TU/LinuxLibertineO(0)/m/n/12 et (26 Jul.).
 []


Underfull \hbox (badness 10000) in paragraph at lines 13034--13037
\TU/LinuxLibertineO(0)/m/n/12 <\TU/LinuxLibertineO(0)/m/it/12 https://zcomm.org
/zne-tar-ti-cle/we-empathize-therefore-we-
 []


Overfull \hbox (24.07198pt too wide) in paragraph at lines 13041--13046
\TU/LinuxLibertineO(0)/m/n/12 Ge-ral da Saúde, 2002. <\TU/LinuxLibertineO(0)/m
/it/12 http://www.who.int/whr/2001/en/whr01_dj-
 []

[560]
Underfull \hbox (badness 10000) in paragraph at lines 13057--13060
\TU/LinuxLibertineO(0)/m/it/12 chive.org/web/20120203092837/http://www.tate.org
.uk/ta-te-
 []

[561] [562]
Underfull \hbox (badness 3108) in paragraph at lines 13127--13130
[]\TU/LinuxLibertineO(0)/m/n/12 Pe-der-sen, Da-vid Budtz. 2011. ``Re-vi-si-ting
 the
 []

[563]
Underfull \hbox (badness 5064) in paragraph at lines 13169--13172
[]\TU/LinuxLibertineO(0)/m/n/12 Pic-kers-gill, Martyn, Paul Mar-tin, e Sa-rah C
un-
 []

[564] [565] [566]
Overfull \hbox (43.84451pt too wide) in paragraph at lines 13279--13282
\TU/LinuxLibertineO(0)/m/it/12 cas/neuropolitics-where-campaigns-try-to-read-yo
ur-mind.html?_r​=0\TU/LinuxLibertineO(0)/m/n/12 > 
 []

[567] [568]
Overfull \hbox (0.10118pt too wide) in paragraph at lines 13324--13327
\TU/LinuxLibertineO(0)/m/n/12 <\TU/LinuxLibertineO(0)/m/it/12 http://web.ar-chi
ve.org/web/20100427160604/http://www.he-
 []


Underfull \hbox (badness 1337) in paragraph at lines 13336--13340
[]\TU/LinuxLibertineO(0)/m/n/12 Re-ga-lado, An-to-nio. 2015. ``Why Ame-rica’s
 Top
 []

[569] [570] [571] [572]
Overfull \hbox (49.21939pt too wide) in paragraph at lines 13461--13463
\TU/LinuxLibertineO(0)/m/n/12 (19 Out.). <\TU/LinuxLibertineO(0)/m/it/12 http:/
/web.ar-chive.org/web/20110714203925/http://www.nplu-
 []

[573]
Overfull \hbox (92.6387pt too wide) in paragraph at lines 13479--13481
[]\TU/LinuxLibertineO(0)/m/n/12 Ru-bin, Sue. 2005. ``Ac-cep-tance Ver-sus Cure.
'' <\TU/LinuxLibertineO(0)/m/it/12 http://www.cnn.com/CNN/Pro-
 []


Underfull \hbox (badness 10000) in paragraph at lines 13479--13481
\TU/LinuxLibertineO(0)/m/it/12 grams/pre-sents/shows/au-tism.world/no-te-bo-oks
/sue/no-te-
 []

[574] [575] [576]
Overfull \hbox (53.34221pt too wide) in paragraph at lines 13577--13579
\TU/LinuxLibertineO(0)/m/n/12 Cu-res.'' <\TU/LinuxLibertineO(0)/m/it/12 http://
www.npr.org/tem-pla-tes/story/story.php?storyId​=5488463\TU/LinuxLibertineO(0
)/m/n/12 > 
 []

[577]
Underfull \hbox (badness 10000) in paragraph at lines 13630--13632
\TU/LinuxLibertineO(0)/m/n/12 <\TU/LinuxLibertineO(0)/m/it/12 http://au-tismmyt
h-bus-ters.com/general-public/autistic-vs-
 []


Underfull \hbox (badness 10000) in paragraph at lines 13630--13632
\TU/LinuxLibertineO(0)/m/it/12 people-with-autism/jim-sinclair-why-i-dislike-pe
rson-first-
 []


Overfull \hbox (23.86551pt too wide) in paragraph at lines 13637--13639
\TU/LinuxLibertineO(0)/m/n/12 <\TU/LinuxLibertineO(0)/m/it/12 http://ar-chive.w
i-red.com/cul-ture/li-festyle/news/2003/10/60757?cur-
 []

[578]
Underfull \hbox (badness 10000) in paragraph at lines 13668--13671
\TU/LinuxLibertineO(0)/m/it/12 press.com/2006/09/27/a-short-bibliographic-guide
-to-the-
 []

[579] [580]
Underfull \hbox (badness 1024) in paragraph at lines 13705--13707
\TU/LinuxLibertineO(0)/m/n/12 ve-ment.'' \TU/LinuxLibertineO(0)/m/it/12 New Yor
k Ma-ga-zine \TU/LinuxLibertineO(0)/m/n/12 (25 Maio). <\TU/LinuxLibertineO(0)/m
/it/12 http://ny-
 []

[581] [582] [583]
Overfull \hbox (39.53217pt too wide) in paragraph at lines 13825--13827
\TU/LinuxLibertineO(0)/m/n/12 Brain.'' <\TU/LinuxLibertineO(0)/m/it/12 http://w
eb.ar-chive.org/web/20070221201506/http://www.belly-
 []

[584] [585] [586] [587] [588]
Underfull \hbox (badness 1490) in paragraph at lines 13972--13976
[]\TU/LinuxLibertineO(0)/m/n/12 Veer, Ilya M., Christ-ian F. Beck-mann, Ma-rie-
José
 []

[589]
Underfull \hbox (badness 1968) in paragraph at lines 14007--14010
[]\TU/LinuxLibertineO(0)/m/n/12 Wald-man, Paul. 2013. ``Da-vid Bro-oks and the
 []


Underfull \hbox (badness 1803) in paragraph at lines 14007--14010
\TU/LinuxLibertineO(0)/m/n/12 Jun.). <\TU/LinuxLibertineO(0)/m/it/12 http://pro
s-pect.org/ar-ti-cle/david-brooks-and-anti-
 []


Overfull \hbox (0.10707pt too wide) in paragraph at lines 14015--14018
\TU/LinuxLibertineO(0)/m/it/12 ton/2015/02/09/7-ways-meditation-can-actually-ch
ange-the-
 []

[590]
Underfull \hbox (badness 1184) in paragraph at lines 14045--14047
[]\TU/LinuxLibertineO(0)/m/n/12 Wein-traub, Kit. 2005. ``A Mother’s Pers-pec-
tive.''
 []


Underfull \hbox (badness 10000) in paragraph at lines 14045--14047
\TU/LinuxLibertineO(0)/m/n/12 <\TU/LinuxLibertineO(0)/m/it/12 http://web.ar-chi
ve.org/web/20051216174906/http://asa-ton-
 []

[591] [592] [593] [594]
Overfull \hbox (23.09447pt too wide) in paragraph at lines 14181--14183
[]\TU/LinuxLibertineO(0)/m/n/12 ---------. n.d. ``Sta-te-ment on Neu-ro-a-esthe
-tics.'' <\TU/LinuxLibertineO(0)/m/it/12 http://www.neu-
 []

[595])) [596] (./LIVRO.ind) 
AED: lastpage setting LastPage

\openout2 = PUBLICIDADE.aux
(/home/editorial/texmf/tex/PUBLICIDADE.tex [597



]
Underfull \hbox (badness 10000) in paragraph at lines 6--8

 []

[598] [599] [600] [601]) [602


]
\tf@toc=\write7

\openout7 = LIVRO.toc
 (./LIVRO.aux (./INPUTS.aux) (./PUBLICIDADE.aux))

LaTeX Font Warning: Some font shapes were not available, defaults substituted.

)

Here is how much of LuaTeX's memory you used:
 24674 strings out of 494483
 13555554,794899 words of node,token memory allocated
 12574494 words of node memory still in use:
   4 hlist, 1 vlist, 1 rule, 5 glue, 1 penalty, 2065557 glyph, 74995 attribute, 
197 glue_spec, 14999 attribute_list, 3 shape, 2 write nodes
   avail lists: 1:4,2:2231,3:207,4:111,5:331,6:971,7:1286,8:111,9:316,10:25,11:5
81
 27548 multiletter control sequences out of 65536+600000
 101 fonts using 21315203 bytes
 50i,14n,69p,1369b,457s stack positions out of 5000i,500n,10000p,200000b,100000s
{/usr/share/texmf-dist/fonts/enc/dvips/adforn/OrnementsADF.enc}</usr/share/texmf
-dist/fonts/opentype/public/libertine/LinLibertine_RI.otf></usr/share/texmf-dist
/fonts/opentype/public/libertine/LinLibertine_RB.otf></usr/share/texmf-dist/font
s/opentype/public/libertine/LinLibertine_R.otf></home/editorial/texmf/tex/fonts/
Formular-Regular.otf></home/editorial/texmf/tex/fonts/Formular-Bold.otf></usr/sh
are/texmf-dist/fonts/type1/arkandis/adforn/OrnementsADF.pfb></usr/share/texmf-di
st/fonts/type1/public/amsfonts/latxfont/lcirclew.pfb>
Output written on LIVRO.pdf (602 pages, 1474652 bytes).

PDF statistics: 1936 PDF objects out of 2073 (max. 8388607)
 1301 compressed objects within 14 object streams
 0 named destinations out of 1000 (max. 131072)
 1 words of extra memory for PDF output out of 10000 (max. 100000000)

